#
# There is insufficient memory for the Java Runtime Environment to continue.
# Native memory allocation (malloc) failed to allocate 184256 bytes for Chunk::new
# Possible reasons:
#   The system is out of physical RAM or swap space
#   The process is running with CompressedOops enabled, and the Java Heap may be blocking the growth of the native heap
# Possible solutions:
#   Reduce memory load on the system
#   Increase physical memory or swap space
#   Check if swap backing store is full
#   Decrease Java heap size (-Xmx/-Xms)
#   Decrease number of Java threads
#   Decrease Java thread stack sizes (-Xss)
#   Set larger code cache with -XX:ReservedCodeCacheSize=
#   JVM is running with Unscaled Compressed Oops mode in which the Java heap is
#     placed in the first 4GB address space. The Java Heap base address is the
#     maximum limit for the native heap growth. Please use -XX:HeapBaseMinAddress
#     to set the Java Heap base and to place the Java Heap above 4GB virtual address.
# This output file may be truncated or incomplete.
#
#  Out of Memory Error (allocation.cpp:389), pid=9976, tid=0x0000000000003f2c
#
# JRE version: Java(TM) SE Runtime Environment (8.0_231-b11) (build 1.8.0_231-b11)
# Java VM: Java HotSpot(TM) 64-Bit Server VM (25.231-b11 mixed mode windows-amd64 compressed oops)
# Failed to write core dump. Minidumps are not enabled by default on client versions of Windows
#

---------------  T H R E A D  ---------------

Current thread (0x000000001ad59000):  JavaThread "C2 CompilerThread1" daemon [_thread_in_native, id=16172, stack(0x000000001af50000,0x000000001b050000)]

Stack: [0x000000001af50000,0x000000001b050000]
[error occurred during error reporting (printing stack bounds), id 0xc0000005]

Native frames: (J=compiled Java code, j=interpreted, Vv=VM code, C=native code)


Current CompileTask:
C2:   3264 1929 %     4       java.util.Properties::loadConvert @ 39 (505 bytes)


---------------  P R O C E S S  ---------------

Java Threads: ( => current thread )
  0x000000001bf19800 JavaThread "restartedMain" [_thread_in_Java, id=18408, stack(0x000000001c660000,0x000000001c760000)]
  0x000000001bea9800 JavaThread "Thread-0" [_thread_blocked, id=16144, stack(0x000000001c560000,0x000000001c660000)]
  0x000000001ad93800 JavaThread "Service Thread" daemon [_thread_blocked, id=10188, stack(0x000000001c220000,0x000000001c320000)]
  0x000000001ad5a800 JavaThread "C1 CompilerThread3" daemon [_thread_blocked, id=14704, stack(0x000000001b150000,0x000000001b250000)]
  0x000000001ad59800 JavaThread "C2 CompilerThread2" daemon [_thread_in_native, id=340, stack(0x000000001b050000,0x000000001b150000)]
=>0x000000001ad59000 JavaThread "C2 CompilerThread1" daemon [_thread_in_native, id=16172, stack(0x000000001af50000,0x000000001b050000)]
  0x000000001ad44000 JavaThread "C2 CompilerThread0" daemon [_thread_blocked, id=17308, stack(0x000000001ae50000,0x000000001af50000)]
  0x0000000019aaa000 JavaThread "JDWP Command Reader" daemon [_thread_in_native, id=8860, stack(0x000000001a550000,0x000000001a650000)]
  0x0000000019aa9000 JavaThread "JDWP Event Helper Thread" daemon [_thread_blocked, id=12940, stack(0x000000001a450000,0x000000001a550000)]
  0x0000000019a9e800 JavaThread "JDWP Transport Listener: dt_socket" daemon [_thread_blocked, id=12444, stack(0x000000001a350000,0x000000001a450000)]
  0x0000000019a90000 JavaThread "Attach Listener" daemon [_thread_blocked, id=11552, stack(0x000000001a250000,0x000000001a350000)]
  0x0000000019a8f000 JavaThread "Signal Dispatcher" daemon [_thread_blocked, id=5736, stack(0x000000001a150000,0x000000001a250000)]
  0x0000000017c8b000 JavaThread "Finalizer" daemon [_thread_blocked, id=18952, stack(0x0000000019f50000,0x000000001a050000)]
  0x0000000019a70800 JavaThread "Reference Handler" daemon [_thread_blocked, id=12108, stack(0x0000000019e50000,0x0000000019f50000)]
  0x0000000002b2a800 JavaThread "main" [_thread_blocked, id=8504, stack(0x0000000002980000,0x0000000002a80000)]

Other Threads:
  0x0000000017c7b000 VMThread [stack: 0x0000000019950000,0x0000000019a50000] [id=19192]
  0x000000001ad94000 WatcherThread [stack: 0x000000001c320000,0x000000001c420000] [id=9688]

VM state:not at safepoint (normal execution)

VM Mutex/Monitor currently owned by a thread: None

heap address: 0x0000000082e00000, size: 2002 MB, Compressed Oops mode: 32-bit
Narrow klass base: 0x0000000000000000, Narrow klass shift: 3
Compressed class space size: 1073741824 Address: 0x0000000100000000

Heap:
 PSYoungGen      total 137216K, used 36066K [0x00000000d6500000, 0x00000000e7600000, 0x0000000100000000)
  eden space 130560K, 27% used [0x00000000d6500000,0x00000000d8838a88,0x00000000de480000)
  from space 6656K, 0% used [0x00000000de480000,0x00000000de480000,0x00000000deb00000)
  to   space 9216K, 0% used [0x00000000e6d00000,0x00000000e6d00000,0x00000000e7600000)
 ParOldGen       total 56832K, used 9746K [0x0000000082e00000, 0x0000000086580000, 0x00000000d6500000)
  object space 56832K, 17% used [0x0000000082e00000,0x0000000083784a60,0x0000000086580000)
 Metaspace       used 22891K, capacity 23660K, committed 23936K, reserved 1071104K
  class space    used 2921K, capacity 3136K, committed 3200K, reserved 1048576K

Card table byte_map: [0x0000000012180000,0x0000000012570000] byte_map_base: 0x0000000011d69000

Marking Bits: (ParMarkBitMap*) 0x000000005aa96d90
 Begin Bits: [0x0000000013010000, 0x0000000014f58000)
 End Bits:   [0x0000000014f58000, 0x0000000016ea0000)

Polling page: 0x00000000007f0000

CodeCache: size=245760Kb used=6733Kb max_used=6748Kb free=239026Kb
 bounds [0x0000000002dc0000, 0x0000000003460000, 0x0000000011dc0000]
 total_blobs=2305 nmethods=1929 adapters=296
 compilation: enabled

Compilation events (10 events):
Event: 3.251 Thread 0x000000001ad44000 1927       4       java.util.concurrent.ConcurrentHashMap::get (162 bytes)
Event: 3.255 Thread 0x000000001ad5a800 1928       3       sun.misc.URLClassPath$FileLoader::findResource (18 bytes)
Event: 3.255 Thread 0x000000001ad5a800 nmethod 1928 0x0000000003453350 code [0x00000000034534c0, 0x0000000003453798]
Event: 3.256 Thread 0x000000001ad59000 1929 %     4       java.util.Properties::loadConvert @ 39 (505 bytes)
Event: 3.257 Thread 0x000000001ad59800 1930 %     4       java.util.Properties$LineReader::readLine @ 21 (468 bytes)
Event: 3.258 Thread 0x000000001ad44000 nmethod 1927 0x0000000003456e50 code [0x0000000003456fe0, 0x0000000003457958]
Event: 3.260 Thread 0x000000001ad5a800 1931       1       java.util.Hashtable$Entry::getKey (5 bytes)
Event: 3.260 Thread 0x000000001ad5a800 nmethod 1931 0x0000000003456b90 code [0x0000000003456ce0, 0x0000000003456df0]
Event: 3.261 Thread 0x000000001ad5a800 1932       1       java.util.Hashtable$Entry::getValue (5 bytes)
Event: 3.261 Thread 0x000000001ad5a800 nmethod 1932 0x00000000034568d0 code [0x0000000003456a20, 0x0000000003456b30]

GC Heap History (10 events):
Event: 2.005 GC heap before
{Heap before GC invocations=4 (full 0):
 PSYoungGen      total 37888K, used 36425K [0x00000000d6500000, 0x00000000daf00000, 0x0000000100000000)
  eden space 32768K, 100% used [0x00000000d6500000,0x00000000d8500000,0x00000000d8500000)
  from space 5120K, 71% used [0x00000000d8500000,0x00000000d8892728,0x00000000d8a00000)
  to   space 5120K, 0% used [0x00000000daa00000,0x00000000daa00000,0x00000000daf00000)
 ParOldGen       total 86016K, used 24K [0x0000000082e00000, 0x0000000088200000, 0x00000000d6500000)
  object space 86016K, 0% used [0x0000000082e00000,0x0000000082e06000,0x0000000088200000)
 Metaspace       used 12048K, capacity 12278K, committed 12544K, reserved 1060864K
  class space    used 1381K, capacity 1448K, committed 1536K, reserved 1048576K
Event: 2.011 GC heap after
Heap after GC invocations=4 (full 0):
 PSYoungGen      total 70656K, used 4661K [0x00000000d6500000, 0x00000000daf00000, 0x0000000100000000)
  eden space 65536K, 0% used [0x00000000d6500000,0x00000000d6500000,0x00000000da500000)
  from space 5120K, 91% used [0x00000000daa00000,0x00000000dae8d660,0x00000000daf00000)
  to   space 5120K, 0% used [0x00000000da500000,0x00000000da500000,0x00000000daa00000)
 ParOldGen       total 86016K, used 32K [0x0000000082e00000, 0x0000000088200000, 0x00000000d6500000)
  object space 86016K, 0% used [0x0000000082e00000,0x0000000082e08000,0x0000000088200000)
 Metaspace       used 12048K, capacity 12278K, committed 12544K, reserved 1060864K
  class space    used 1381K, capacity 1448K, committed 1536K, reserved 1048576K
}
Event: 2.204 GC heap before
{Heap before GC invocations=5 (full 0):
 PSYoungGen      total 70656K, used 70197K [0x00000000d6500000, 0x00000000daf00000, 0x0000000100000000)
  eden space 65536K, 100% used [0x00000000d6500000,0x00000000da500000,0x00000000da500000)
  from space 5120K, 91% used [0x00000000daa00000,0x00000000dae8d660,0x00000000daf00000)
  to   space 5120K, 0% used [0x00000000da500000,0x00000000da500000,0x00000000daa00000)
 ParOldGen       total 86016K, used 32K [0x0000000082e00000, 0x0000000088200000, 0x00000000d6500000)
  object space 86016K, 0% used [0x0000000082e00000,0x0000000082e08000,0x0000000088200000)
 Metaspace       used 13481K, capacity 13762K, committed 14080K, reserved 1060864K
  class space    used 1638K, capacity 1725K, committed 1792K, reserved 1048576K
Event: 2.208 GC heap after
Heap after GC invocations=5 (full 0):
 PSYoungGen      total 70656K, used 5104K [0x00000000d6500000, 0x00000000df100000, 0x0000000100000000)
  eden space 65536K, 0% used [0x00000000d6500000,0x00000000d6500000,0x00000000da500000)
  from space 5120K, 99% used [0x00000000da500000,0x00000000da9fc188,0x00000000daa00000)
  to   space 6144K, 0% used [0x00000000deb00000,0x00000000deb00000,0x00000000df100000)
 ParOldGen       total 86016K, used 300K [0x0000000082e00000, 0x0000000088200000, 0x00000000d6500000)
  object space 86016K, 0% used [0x0000000082e00000,0x0000000082e4b0d0,0x0000000088200000)
 Metaspace       used 13481K, capacity 13762K, committed 14080K, reserved 1060864K
  class space    used 1638K, capacity 1725K, committed 1792K, reserved 1048576K
}
Event: 2.353 GC heap before
{Heap before GC invocations=6 (full 0):
 PSYoungGen      total 70656K, used 70640K [0x00000000d6500000, 0x00000000df100000, 0x0000000100000000)
  eden space 65536K, 100% used [0x00000000d6500000,0x00000000da500000,0x00000000da500000)
  from space 5120K, 99% used [0x00000000da500000,0x00000000da9fc188,0x00000000daa00000)
  to   space 6144K, 0% used [0x00000000deb00000,0x00000000deb00000,0x00000000df100000)
 ParOldGen       total 86016K, used 300K [0x0000000082e00000, 0x0000000088200000, 0x00000000d6500000)
  object space 86016K, 0% used [0x0000000082e00000,0x0000000082e4b0d0,0x0000000088200000)
 Metaspace       used 14683K, capacity 15030K, committed 15360K, reserved 1062912K
  class space    used 1817K, capacity 1929K, committed 2048K, reserved 1048576K
Event: 2.359 GC heap after
Heap after GC invocations=6 (full 0):
 PSYoungGen      total 136704K, used 5916K [0x00000000d6500000, 0x00000000df200000, 0x0000000100000000)
  eden space 130560K, 0% used [0x00000000d6500000,0x00000000d6500000,0x00000000de480000)
  from space 6144K, 96% used [0x00000000deb00000,0x00000000df0c73b0,0x00000000df100000)
  to   space 6656K, 0% used [0x00000000de480000,0x00000000de480000,0x00000000deb00000)
 ParOldGen       total 86016K, used 308K [0x0000000082e00000, 0x0000000088200000, 0x00000000d6500000)
  object space 86016K, 0% used [0x0000000082e00000,0x0000000082e4d0d0,0x0000000088200000)
 Metaspace       used 14683K, capacity 15030K, committed 15360K, reserved 1062912K
  class space    used 1817K, capacity 1929K, committed 2048K, reserved 1048576K
}
Event: 2.864 GC heap before
{Heap before GC invocations=7 (full 0):
 PSYoungGen      total 136704K, used 65906K [0x00000000d6500000, 0x00000000df200000, 0x0000000100000000)
  eden space 130560K, 45% used [0x00000000d6500000,0x00000000d9f95520,0x00000000de480000)
  from space 6144K, 96% used [0x00000000deb00000,0x00000000df0c73b0,0x00000000df100000)
  to   space 6656K, 0% used [0x00000000de480000,0x00000000de480000,0x00000000deb00000)
 ParOldGen       total 86016K, used 308K [0x0000000082e00000, 0x0000000088200000, 0x00000000d6500000)
  object space 86016K, 0% used [0x0000000082e00000,0x0000000082e4d0d0,0x0000000088200000)
 Metaspace       used 20634K, capacity 21170K, committed 21248K, reserved 1067008K
  class space    used 2593K, capacity 2755K, committed 2816K, reserved 1048576K
Event: 2.874 GC heap after
Heap after GC invocations=7 (full 0):
 PSYoungGen      total 137216K, used 6651K [0x00000000d6500000, 0x00000000e7600000, 0x0000000100000000)
  eden space 130560K, 0% used [0x00000000d6500000,0x00000000d6500000,0x00000000de480000)
  from space 6656K, 99% used [0x00000000de480000,0x00000000deafec38,0x00000000deb00000)
  to   space 9216K, 0% used [0x00000000e6d00000,0x00000000e6d00000,0x00000000e7600000)
 ParOldGen       total 86016K, used 3805K [0x0000000082e00000, 0x0000000088200000, 0x00000000d6500000)
  object space 86016K, 4% used [0x0000000082e00000,0x00000000831b77e0,0x0000000088200000)
 Metaspace       used 20634K, capacity 21170K, committed 21248K, reserved 1067008K
  class space    used 2593K, capacity 2755K, committed 2816K, reserved 1048576K
}
Event: 2.875 GC heap before
{Heap before GC invocations=8 (full 1):
 PSYoungGen      total 137216K, used 6651K [0x00000000d6500000, 0x00000000e7600000, 0x0000000100000000)
  eden space 130560K, 0% used [0x00000000d6500000,0x00000000d6500000,0x00000000de480000)
  from space 6656K, 99% used [0x00000000de480000,0x00000000deafec38,0x00000000deb00000)
  to   space 9216K, 0% used [0x00000000e6d00000,0x00000000e6d00000,0x00000000e7600000)
 ParOldGen       total 86016K, used 3805K [0x0000000082e00000, 0x0000000088200000, 0x00000000d6500000)
  object space 86016K, 4% used [0x0000000082e00000,0x00000000831b77e0,0x0000000088200000)
 Metaspace       used 20634K, capacity 21170K, committed 21248K, reserved 1067008K
  class space    used 2593K, capacity 2755K, committed 2816K, reserved 1048576K
Event: 2.913 GC heap after
Heap after GC invocations=8 (full 1):
 PSYoungGen      total 137216K, used 0K [0x00000000d6500000, 0x00000000e7600000, 0x0000000100000000)
  eden space 130560K, 0% used [0x00000000d6500000,0x00000000d6500000,0x00000000de480000)
  from space 6656K, 0% used [0x00000000de480000,0x00000000de480000,0x00000000deb00000)
  to   space 9216K, 0% used [0x00000000e6d00000,0x00000000e6d00000,0x00000000e7600000)
 ParOldGen       total 56832K, used 9746K [0x0000000082e00000, 0x0000000086580000, 0x00000000d6500000)
  object space 56832K, 17% used [0x0000000082e00000,0x0000000083784a60,0x0000000086580000)
 Metaspace       used 20634K, capacity 21170K, committed 21248K, reserved 1067008K
  class space    used 2593K, capacity 2755K, committed 2816K, reserved 1048576K
}

Deoptimization events (10 events):
Event: 2.792 Thread 0x000000001bf19800 Uncommon trap: reason=unstable_if action=reinterpret pc=0x0000000003360240 method=java.util.concurrent.ConcurrentHashMap.addCount(JI)V @ 34
Event: 2.816 Thread 0x000000001a7db800 Uncommon trap: reason=unstable_if action=reinterpret pc=0x0000000003324510 method=jdk.internal.org.objectweb.asm.Type.getArgumentsAndReturnSizes(Ljava/lang/String;)I @ 47
Event: 2.921 Thread 0x000000001bf19800 Uncommon trap: reason=unstable_if action=reinterpret pc=0x000000000307d1f0 method=java.util.HashMap.getNode(ILjava/lang/Object;)Ljava/util/HashMap$Node; @ 129
Event: 2.921 Thread 0x000000001bf19800 Uncommon trap: reason=unstable_if action=reinterpret pc=0x000000000305a248 method=java.util.HashMap.getNode(ILjava/lang/Object;)Ljava/util/HashMap$Node; @ 129
Event: 2.977 Thread 0x000000001bf19800 Uncommon trap: reason=unstable_if action=reinterpret pc=0x00000000031fe534 method=java.lang.ThreadLocal$ThreadLocalMap.getEntry(Ljava/lang/ThreadLocal;)Ljava/lang/ThreadLocal$ThreadLocalMap$Entry; @ 29
Event: 3.009 Thread 0x000000001bf19800 Uncommon trap: reason=class_check action=maybe_recompile pc=0x0000000002ed9544 method=java.lang.String.equals(Ljava/lang/Object;)Z @ 8
Event: 3.037 Thread 0x000000001bf19800 Uncommon trap: reason=class_check action=maybe_recompile pc=0x0000000002ed9544 method=java.lang.String.equals(Ljava/lang/Object;)Z @ 8
Event: 3.037 Thread 0x000000001bf19800 Uncommon trap: reason=class_check action=maybe_recompile pc=0x0000000002ed9544 method=java.lang.String.equals(Ljava/lang/Object;)Z @ 8
Event: 3.037 Thread 0x000000001bf19800 Uncommon trap: reason=class_check action=maybe_recompile pc=0x0000000002ed9544 method=java.lang.String.equals(Ljava/lang/Object;)Z @ 8
Event: 3.167 Thread 0x000000001bf19800 Uncommon trap: reason=unstable_if action=reinterpret pc=0x00000000033d4a14 method=java.io.WinNTFileSystem.normalize(Ljava/lang/String;)Ljava/lang/String; @ 128

Classes redefined (0 events):
No events

Internal exceptions (10 events):
Event: 3.134 Thread 0x000000001bf19800 Exception <a 'java/lang/ClassNotFoundException': org/springframework/beans/factory/config/BeanFactoryPostProcessorCustomizer> (0x00000000d7ad71c8) thrown at [C:\re\workspace\8-2-build-windows-amd64-cygwin\jdk8u231\13620\hotspot\src\share\vm\classfile\syst
Event: 3.135 Thread 0x000000001bf19800 Exception <a 'java/lang/ClassNotFoundException': org/springframework/core/PriorityOrderedCustomizer> (0x00000000d7b08598) thrown at [C:\re\workspace\8-2-build-windows-amd64-cygwin\jdk8u231\13620\hotspot\src\share\vm\classfile\systemDictionary.cpp, line 21
Event: 3.136 Thread 0x000000001bf19800 Exception <a 'java/lang/ClassNotFoundException': org/springframework/core/OrderedCustomizer> (0x00000000d7b33128) thrown at [C:\re\workspace\8-2-build-windows-amd64-cygwin\jdk8u231\13620\hotspot\src\share\vm\classfile\systemDictionary.cpp, line 210]
Event: 3.136 Thread 0x000000001bf19800 Exception <a 'java/lang/ClassNotFoundException': org/springframework/context/ResourceLoaderAwareCustomizer> (0x00000000d7b69d20) thrown at [C:\re\workspace\8-2-build-windows-amd64-cygwin\jdk8u231\13620\hotspot\src\share\vm\classfile\systemDictionary.cpp, 
Event: 3.137 Thread 0x000000001bf19800 Exception <a 'java/lang/ClassNotFoundException': org/springframework/beans/factory/AwareCustomizer> (0x00000000d7b9b368) thrown at [C:\re\workspace\8-2-build-windows-amd64-cygwin\jdk8u231\13620\hotspot\src\share\vm\classfile\systemDictionary.cpp, line 210
Event: 3.137 Thread 0x000000001bf19800 Exception <a 'java/lang/ClassNotFoundException': org/springframework/beans/factory/BeanClassLoaderAwareCustomizer> (0x00000000d7bd6bd8) thrown at [C:\re\workspace\8-2-build-windows-amd64-cygwin\jdk8u231\13620\hotspot\src\share\vm\classfile\systemDictionar
Event: 3.138 Thread 0x000000001bf19800 Exception <a 'java/lang/ClassNotFoundException': org/springframework/beans/factory/AwareCustomizer> (0x00000000d7c08260) thrown at [C:\re\workspace\8-2-build-windows-amd64-cygwin\jdk8u231\13620\hotspot\src\share\vm\classfile\systemDictionary.cpp, line 210
Event: 3.138 Thread 0x000000001bf19800 Exception <a 'java/lang/ClassNotFoundException': org/springframework/context/EnvironmentAwareCustomizer> (0x00000000d7c3c238) thrown at [C:\re\workspace\8-2-build-windows-amd64-cygwin\jdk8u231\13620\hotspot\src\share\vm\classfile\systemDictionary.cpp, lin
Event: 3.139 Thread 0x000000001bf19800 Exception <a 'java/lang/ClassNotFoundException': org/springframework/beans/factory/AwareCustomizer> (0x00000000d7c6d7a0) thrown at [C:\re\workspace\8-2-build-windows-amd64-cygwin\jdk8u231\13620\hotspot\src\share\vm\classfile\systemDictionary.cpp, line 210
Event: 3.169 Thread 0x000000001bf19800 Exception <a 'java/lang/NoSuchMethodError': java.lang.Object.lambda$comparing$77a9974f$1(Ljava/util/function/Function;Ljava/lang/Object;Ljava/lang/Object;)I> (0x00000000d7fa6568) thrown at [C:\re\workspace\8-2-build-windows-amd64-cygwin\jdk8u231\13620\hot

Events (10 events):
Event: 3.253 loading class org/springframework/context/annotation/DeferredImportSelector
Event: 3.253 loading class org/springframework/context/annotation/DeferredImportSelector done
Event: 3.253 loading class org/springframework/context/annotation/DeferredImportSelector
Event: 3.253 loading class org/springframework/context/annotation/DeferredImportSelector done
Event: 3.254 loading class org/springframework/boot/autoconfigure/AutoConfigurationMetadataLoader
Event: 3.254 loading class org/springframework/boot/autoconfigure/AutoConfigurationMetadataLoader done
Event: 3.254 loading class org/springframework/boot/autoconfigure/AutoConfigurationMetadata
Event: 3.254 loading class org/springframework/boot/autoconfigure/AutoConfigurationMetadata done
Event: 3.261 loading class org/springframework/boot/autoconfigure/AutoConfigurationMetadataLoader$PropertiesAutoConfigurationMetadata
Event: 3.261 loading class org/springframework/boot/autoconfigure/AutoConfigurationMetadataLoader$PropertiesAutoConfigurationMetadata done


Dynamic libraries:
0x00007ff6fc780000 - 0x00007ff6fc7b7000 	C:\Program Files\Java\jdk1.8.0_231\bin\java.exe
0x00007ff87ff10000 - 0x00007ff880104000 	C:\WINDOWS\SYSTEM32\ntdll.dll
0x00007ff87e110000 - 0x00007ff87e1cd000 	C:\WINDOWS\System32\KERNEL32.DLL
0x00007ff87d7b0000 - 0x00007ff87da77000 	C:\WINDOWS\System32\KERNELBASE.dll
0x00007ff87e370000 - 0x00007ff87e41a000 	C:\WINDOWS\System32\ADVAPI32.dll
0x00007ff87fe30000 - 0x00007ff87fece000 	C:\WINDOWS\System32\msvcrt.dll
0x00007ff87e420000 - 0x00007ff87e4bb000 	C:\WINDOWS\System32\sechost.dll
0x00007ff87dfd0000 - 0x00007ff87e0f3000 	C:\WINDOWS\System32\RPCRT4.dll
0x00007ff87e1d0000 - 0x00007ff87e370000 	C:\WINDOWS\System32\USER32.dll
0x00007ff87dbb0000 - 0x00007ff87dbd2000 	C:\WINDOWS\System32\win32u.dll
0x00007ff87fe00000 - 0x00007ff87fe2a000 	C:\WINDOWS\System32\GDI32.dll
0x00007ff87d6a0000 - 0x00007ff87d7aa000 	C:\WINDOWS\System32\gdi32full.dll
0x00007ff87dea0000 - 0x00007ff87df3d000 	C:\WINDOWS\System32\msvcp_win.dll
0x00007ff87dda0000 - 0x00007ff87dea0000 	C:\WINDOWS\System32\ucrtbase.dll
0x00007ff867bc0000 - 0x00007ff867e5a000 	C:\WINDOWS\WinSxS\amd64_microsoft.windows.common-controls_6595b64144ccf1df_6.0.19041.1_none_b555e41d4684ddec\COMCTL32.dll
0x00007ff87f730000 - 0x00007ff87f760000 	C:\WINDOWS\System32\IMM32.DLL
0x000000005ab20000 - 0x000000005abf2000 	C:\Program Files\Java\jdk1.8.0_231\jre\bin\msvcr100.dll
0x000000005a270000 - 0x000000005ab16000 	C:\Program Files\Java\jdk1.8.0_231\jre\bin\server\jvm.dll
0x00007ff87f9b0000 - 0x00007ff87f9b8000 	C:\WINDOWS\System32\PSAPI.DLL
0x00007ff862730000 - 0x00007ff862739000 	C:\WINDOWS\SYSTEM32\WSOCK32.dll
0x00007ff872fd0000 - 0x00007ff872fda000 	C:\WINDOWS\SYSTEM32\VERSION.dll
0x00007ff853410000 - 0x00007ff853437000 	C:\WINDOWS\SYSTEM32\WINMM.dll
0x00007ff87fa20000 - 0x00007ff87fa8b000 	C:\WINDOWS\System32\WS2_32.dll
0x00007ff8669a0000 - 0x00007ff8669af000 	C:\Program Files\Java\jdk1.8.0_231\jre\bin\verify.dll
0x00007ff8620e0000 - 0x00007ff862109000 	C:\Program Files\Java\jdk1.8.0_231\jre\bin\java.dll
0x00007ff856ba0000 - 0x00007ff856bd5000 	C:\Program Files\Java\jdk1.8.0_231\jre\bin\jdwp.dll
0x00007ff860dc0000 - 0x00007ff860dc8000 	C:\Program Files\Java\jdk1.8.0_231\jre\bin\npt.dll
0x00007ff85d8c0000 - 0x00007ff85d8e3000 	C:\Program Files\Java\jdk1.8.0_231\jre\bin\instrument.dll
0x00007ff866980000 - 0x00007ff866996000 	C:\Program Files\Java\jdk1.8.0_231\jre\bin\zip.dll
0x00007ff87eed0000 - 0x00007ff87f601000 	C:\WINDOWS\System32\SHELL32.dll
0x00007ff87b430000 - 0x00007ff87bbba000 	C:\WINDOWS\SYSTEM32\windows.storage.dll
0x00007ff87e990000 - 0x00007ff87ece4000 	C:\WINDOWS\System32\combase.dll
0x00007ff87d0d0000 - 0x00007ff87d0fb000 	C:\WINDOWS\SYSTEM32\Wldp.dll
0x00007ff87fb70000 - 0x00007ff87fc1e000 	C:\WINDOWS\System32\SHCORE.dll
0x00007ff87f950000 - 0x00007ff87f9a5000 	C:\WINDOWS\System32\shlwapi.dll
0x00007ff87d590000 - 0x00007ff87d5af000 	C:\WINDOWS\SYSTEM32\profapi.dll
0x00007ff85bac0000 - 0x00007ff85bac9000 	C:\Program Files\Java\jdk1.8.0_231\jre\bin\dt_socket.dll
0x00007ff87ce50000 - 0x00007ff87ceba000 	C:\WINDOWS\system32\mswsock.dll
0x00007ff851510000 - 0x00007ff85151d000 	C:\Program Files\Java\jdk1.8.0_231\jre\bin\management.dll
0x00007ff85d950000 - 0x00007ff85d96a000 	C:\Program Files\Java\jdk1.8.0_231\jre\bin\net.dll
0x00007ff829280000 - 0x00007ff829297000 	C:\WINDOWS\system32\napinsp.dll
0x00007ff829260000 - 0x00007ff82927b000 	C:\WINDOWS\system32\pnrpnsp.dll
0x00007ff874ab0000 - 0x00007ff874ac5000 	C:\WINDOWS\system32\wshbth.dll
0x00007ff877070000 - 0x00007ff87708d000 	C:\WINDOWS\system32\NLAapi.dll
0x00007ff87caf0000 - 0x00007ff87cb2b000 	C:\WINDOWS\SYSTEM32\IPHLPAPI.DLL
0x00007ff87cb30000 - 0x00007ff87cbfa000 	C:\WINDOWS\SYSTEM32\DNSAPI.dll
0x00007ff87fc40000 - 0x00007ff87fc49000 	C:\WINDOWS\System32\NSI.dll
0x00007ff829240000 - 0x00007ff829252000 	C:\WINDOWS\System32\winrnr.dll
0x00007ff8690f0000 - 0x00007ff8690fa000 	C:\Windows\System32\rasadhlp.dll
0x00007ff869110000 - 0x00007ff86918f000 	C:\WINDOWS\System32\fwpuclnt.dll
0x00007ff87df40000 - 0x00007ff87df67000 	C:\WINDOWS\System32\bcrypt.dll
0x00007ff85bc00000 - 0x00007ff85bc12000 	C:\Program Files\Java\jdk1.8.0_231\jre\bin\nio.dll

VM Arguments:
jvm_args: -agentlib:jdwp=transport=dt_socket,address=127.0.0.1:57334,suspend=y,server=n -javaagent:C:\Users\shrey\.IdeaIC2019.3\system\captureAgent\debugger-agent.jar -Dfile.encoding=UTF-8 
java_command: com.jsonUtility.jsonCreator.JsonCreatorApplication
java_class_path (initial): C:\Program Files\Java\jdk1.8.0_231\jre\lib\charsets.jar;C:\Program Files\Java\jdk1.8.0_231\jre\lib\deploy.jar;C:\Program Files\Java\jdk1.8.0_231\jre\lib\ext\access-bridge-64.jar;C:\Program Files\Java\jdk1.8.0_231\jre\lib\ext\cldrdata.jar;C:\Program Files\Java\jdk1.8.0_231\jre\lib\ext\dnsns.jar;C:\Program Files\Java\jdk1.8.0_231\jre\lib\ext\jaccess.jar;C:\Program Files\Java\jdk1.8.0_231\jre\lib\ext\jfxrt.jar;C:\Program Files\Java\jdk1.8.0_231\jre\lib\ext\localedata.jar;C:\Program Files\Java\jdk1.8.0_231\jre\lib\ext\nashorn.jar;C:\Program Files\Java\jdk1.8.0_231\jre\lib\ext\sunec.jar;C:\Program Files\Java\jdk1.8.0_231\jre\lib\ext\sunjce_provider.jar;C:\Program Files\Java\jdk1.8.0_231\jre\lib\ext\sunmscapi.jar;C:\Program Files\Java\jdk1.8.0_231\jre\lib\ext\sunpkcs11.jar;C:\Program Files\Java\jdk1.8.0_231\jre\lib\ext\zipfs.jar;C:\Program Files\Java\jdk1.8.0_231\jre\lib\javaws.jar;C:\Program Files\Java\jdk1.8.0_231\jre\lib\jce.jar;C:\Program Files\Java\jdk1.8.0_231\jre\lib\jfr.jar;C:\Program Files\Java\jdk1.8.0_231\jre\lib\jfxswt.jar;C:\Program Files\Java\jdk1.8.0_231\jre\lib\jsse.jar;C:\Program Files\Java\jdk1.8.0_231\jre\lib\management-agent.jar;C:\Program Files\Java\jdk1.8.0_231\jre\lib\plugin.jar;C:\Program Files\Java\jdk1.8.0_231\jre\lib\resources.jar;C:\Program Files\Java\jdk1.8.0_231\jre\lib\rt.jar;C:\Workspace\jsonCreator\jsonCreator\target\classes;C:\Users\shrey\.m2\repository\org\springframework\boot\spring-boot-starter-jersey\2.2.2.RELEASE\spring-boot-starter-jersey-2.2.2.RELEASE.jar;C:\Users\shrey\.m2\repository\org\springframework\boot\spring-boot-starter-json\2.2.2.RELEASE\spring-boot-starter-json-2.2.2.RELEASE.jar;C:\Users\shrey\.m2\repository\com\fasterxml\jackson\core\jackson-databind\2.10.1\jackson-databind-2.10.1.jar;C:\Users\shrey\.m2\repository\com\fasterxml\jackson\core\jackson-core\2.10.1\jackson-core-2.10.1.jar;C:\Users\shrey\.m2\repository\com\fasterxml\jackson\datatype\jackson-datatype-jdk8\2.10.1\jackson-datatype-jd
Launcher Type: SUN_STANDARD

Environment Variables:
PATH=C:\Program Files (x86)\Common Files\Oracle\Java\javapath;C:\WINDOWS\system32;C:\WINDOWS;C:\WINDOWS\System32\Wbem;C:\WINDOWS\System32\WindowsPowerShell\v1.0\;C:\WINDOWS\System32\OpenSSH\;C:\Program Files\Git\cmd;C:\Users\shrey\Downloads\Softwares\apache-maven-3.6.3-bin\apache-maven-3.6.3\bin;C:\Program Files\PostgreSQL\9.6\bin;C:\Users\shrey\AppData\Local\Microsoft\WindowsApps;C:\Program Files\heroku\bin;
USERNAME=shrey
OS=Windows_NT
PROCESSOR_IDENTIFIER=Intel64 Family 6 Model 142 Stepping 12, GenuineIntel



---------------  S Y S T E M  ---------------

OS: Windows 10.0 , 64 bit Build 19041 (10.0.19041.1)

CPU:total 8 (initial active 8) (4 cores per cpu, 2 threads per core) family 6 model 142 stepping 12, cmov, cx8, fxsr, mmx, sse, sse2, sse3, ssse3, sse4.1, sse4.2, popcnt, avx, avx2, aes, clmul, erms, 3dnowpref, lzcnt, ht, tsc, tscinvbit, bmi1, bmi2, adx

Memory: 4k page, physical 8197876k(357732k free), swap 33363700k(164k free)

vm_info: Java HotSpot(TM) 64-Bit Server VM (25.231-b11) for windows-amd64 JRE (1.8.0_231-b11), built on Oct  5 2019 03:11:30 by "java_re" with MS VC++ 10.0 (VS2010)

time: Sun Feb 02 16:00:38 2020
timezone: India Standard Time
elapsed time: 3 seconds (0d 0h 0m 3s)

