#
# There is insufficient memory for the Java Runtime Environment to continue.
# Native memory allocation (malloc) failed to allocate 131088 bytes for Chunk::new
# Possible reasons:
#   The system is out of physical RAM or swap space
#   The process is running with CompressedOops enabled, and the Java Heap may be blocking the growth of the native heap
# Possible solutions:
#   Reduce memory load on the system
#   Increase physical memory or swap space
#   Check if swap backing store is full
#   Decrease Java heap size (-Xmx/-Xms)
#   Decrease number of Java threads
#   Decrease Java thread stack sizes (-Xss)
#   Set larger code cache with -XX:ReservedCodeCacheSize=
#   JVM is running with Unscaled Compressed Oops mode in which the Java heap is
#     placed in the first 4GB address space. The Java Heap base address is the
#     maximum limit for the native heap growth. Please use -XX:HeapBaseMinAddress
#     to set the Java Heap base and to place the Java Heap above 4GB virtual address.
# This output file may be truncated or incomplete.
#
#  Out of Memory Error (allocation.cpp:389), pid=14572, tid=0x0000000000001d5c
#
# JRE version: Java(TM) SE Runtime Environment (8.0_231-b11) (build 1.8.0_231-b11)
# Java VM: Java HotSpot(TM) 64-Bit Server VM (25.231-b11 mixed mode windows-amd64 compressed oops)
# Failed to write core dump. Minidumps are not enabled by default on client versions of Windows
#

---------------  T H R E A D  ---------------

Current thread (0x000000001b544800):  JavaThread "C2 CompilerThread1" daemon [_thread_in_native, id=7516, stack(0x000000001b750000,0x000000001b850000)]

Stack: [0x000000001b750000,0x000000001b850000]
[error occurred during error reporting (printing stack bounds), id 0xc0000005]

Native frames: (J=compiled Java code, j=interpreted, Vv=VM code, C=native code)


Current CompileTask:
C2:  14072 5551       4       org.springframework.boot.context.properties.source.SpringConfigurationPropertySources$SourcesIterator::fetchNext (138 bytes)


---------------  P R O C E S S  ---------------

Java Threads: ( => current thread )
  0x000000001f581800 JavaThread "Live Reload Server" daemon [_thread_in_native, id=15192, stack(0x0000000026450000,0x0000000026550000)]
  0x000000001f57e000 JavaThread "HikariPool-1 housekeeper" daemon [_thread_blocked, id=14524, stack(0x0000000026ab0000,0x0000000026bb0000)]
  0x000000001f581000 JavaThread "PostgreSQL-JDBC-SharedTimer-1" daemon [_thread_blocked, id=18736, stack(0x00000000269b0000,0x0000000026ab0000)]
  0x000000001f582800 JavaThread "container-0" [_thread_blocked, id=17676, stack(0x0000000023e60000,0x0000000023f60000)]
  0x000000001f584000 JavaThread "Catalina-utility-2" [_thread_blocked, id=9856, stack(0x0000000021660000,0x0000000021760000)]
  0x000000001f580000 JavaThread "Catalina-utility-1" [_thread_blocked, id=7064, stack(0x000000001df30000,0x000000001e030000)]
  0x000000001c2bd000 JavaThread "restartedMain" [_thread_in_Java, id=19096, stack(0x000000001ce60000,0x000000001cf60000)]
  0x000000001c2bb800 JavaThread "Thread-0" [_thread_blocked, id=17096, stack(0x000000001cd60000,0x000000001ce60000)]
  0x000000001b644000 JavaThread "Service Thread" daemon [_thread_blocked, id=12796, stack(0x000000001ba50000,0x000000001bb50000)]
  0x000000001b546000 JavaThread "C1 CompilerThread3" daemon [_thread_blocked, id=16992, stack(0x000000001b950000,0x000000001ba50000)]
  0x000000001b545000 JavaThread "C2 CompilerThread2" daemon [_thread_in_native, id=15856, stack(0x000000001b850000,0x000000001b950000)]
=>0x000000001b544800 JavaThread "C2 CompilerThread1" daemon [_thread_in_native, id=7516, stack(0x000000001b750000,0x000000001b850000)]
  0x000000001b543800 JavaThread "C2 CompilerThread0" daemon [_thread_blocked, id=10112, stack(0x000000001b650000,0x000000001b750000)]
  0x000000001a2b7800 JavaThread "JDWP Command Reader" daemon [_thread_in_native, id=16736, stack(0x000000001ad50000,0x000000001ae50000)]
  0x000000001a2ad000 JavaThread "JDWP Event Helper Thread" daemon [_thread_blocked, id=17264, stack(0x000000001ac50000,0x000000001ad50000)]
  0x000000001a2a2800 JavaThread "JDWP Transport Listener: dt_socket" daemon [_thread_blocked, id=17688, stack(0x000000001ab50000,0x000000001ac50000)]
  0x000000001a290800 JavaThread "Attach Listener" daemon [_thread_blocked, id=16704, stack(0x000000001aa50000,0x000000001ab50000)]
  0x000000001a28f800 JavaThread "Signal Dispatcher" daemon [_thread_blocked, id=1720, stack(0x000000001a950000,0x000000001aa50000)]
  0x000000001844a000 JavaThread "Finalizer" daemon [_thread_blocked, id=19212, stack(0x000000001a750000,0x000000001a850000)]
  0x000000001a270800 JavaThread "Reference Handler" daemon [_thread_blocked, id=6132, stack(0x000000001a650000,0x000000001a750000)]
  0x00000000032fa800 JavaThread "main" [_thread_blocked, id=15912, stack(0x00000000031f0000,0x00000000032f0000)]

Other Threads:
  0x000000001843c000 VMThread [stack: 0x000000001a150000,0x000000001a250000] [id=10372]
  0x000000001b64d000 WatcherThread [stack: 0x000000001cb20000,0x000000001cc20000] [id=2316]

VM state:not at safepoint (normal execution)

VM Mutex/Monitor currently owned by a thread: None

heap address: 0x0000000082e00000, size: 2002 MB, Compressed Oops mode: 32-bit
Narrow klass base: 0x0000000000000000, Narrow klass shift: 3
Compressed class space size: 1073741824 Address: 0x0000000100000000

Heap:
 PSYoungGen      total 421888K, used 73356K [0x00000000d6500000, 0x00000000f2e00000, 0x0000000100000000)
  eden space 419840K, 17% used [0x00000000d6500000,0x00000000daca3108,0x00000000eff00000)
  from space 2048K, 0% used [0x00000000f2c00000,0x00000000f2c00000,0x00000000f2e00000)
  to   space 15360K, 0% used [0x00000000f1000000,0x00000000f1000000,0x00000000f1f00000)
 ParOldGen       total 79872K, used 20612K [0x0000000082e00000, 0x0000000087c00000, 0x00000000d6500000)
  object space 79872K, 25% used [0x0000000082e00000,0x0000000084221218,0x0000000087c00000)
 Metaspace       used 61516K, capacity 64286K, committed 64512K, reserved 1107968K
  class space    used 8360K, capacity 8888K, committed 8960K, reserved 1048576K

Card table byte_map: [0x0000000012940000,0x0000000012d30000] byte_map_base: 0x0000000012529000

Marking Bits: (ParMarkBitMap*) 0x000000005aa96d90
 Begin Bits: [0x00000000137d0000, 0x0000000015718000)
 End Bits:   [0x0000000015718000, 0x0000000017660000)

Polling page: 0x0000000000fe0000

CodeCache: size=245760Kb used=18672Kb max_used=18681Kb free=227087Kb
 bounds [0x0000000003580000, 0x00000000047e0000, 0x0000000012580000]
 total_blobs=5552 nmethods=5042 adapters=429
 compilation: enabled

Compilation events (10 events):
Event: 14.031 Thread 0x000000001b546000 5555       3       java.text.DontCareFieldPosition$1::formatted (1 bytes)
Event: 14.032 Thread 0x000000001b546000 nmethod 5555 0x00000000047caa50 code [0x00000000047caba0, 0x00000000047cacf0]
Event: 14.032 Thread 0x000000001b545000 5556       4       java.lang.Class::getMethod0 (40 bytes)
Event: 14.033 Thread 0x000000001b546000 5557       1       org.springframework.boot.web.servlet.context.ServletWebServerApplicationContext::getServletConfig (5 bytes)
Event: 14.033 Thread 0x000000001b546000 nmethod 5557 0x00000000047ca790 code [0x00000000047ca8e0, 0x00000000047ca9f0]
Event: 14.033 Thread 0x000000001b546000 5558       1       org.springframework.web.context.support.ServletContextAwareProcessor::getServletConfig (5 bytes)
Event: 14.033 Thread 0x000000001b546000 nmethod 5558 0x00000000047ca4d0 code [0x00000000047ca620, 0x00000000047ca730]
Event: 14.060 Thread 0x000000001b546000 5559   !   3       com.sun.proxy.$Proxy13::value (29 bytes)
Event: 14.060 Thread 0x000000001b546000 nmethod 5559 0x00000000047c9c90 code [0x00000000047c9e20, 0x00000000047ca2b8]
Event: 14.067 Thread 0x000000001b543800 5560       4       java.util.Collections$UnmodifiableCollection::iterator (9 bytes)

GC Heap History (10 events):
Event: 10.251 GC heap before
{Heap before GC invocations=14 (full 2):
 PSYoungGen      total 278016K, used 277986K [0x00000000d6500000, 0x00000000ee100000, 0x0000000100000000)
  eden space 266752K, 100% used [0x00000000d6500000,0x00000000e6980000,0x00000000e6980000)
  from space 11264K, 99% used [0x00000000e6980000,0x00000000e7478b08,0x00000000e7480000)
  to   space 15872K, 0% used [0x00000000ed180000,0x00000000ed180000,0x00000000ee100000)
 ParOldGen       total 79872K, used 21075K [0x0000000082e00000, 0x0000000087c00000, 0x00000000d6500000)
  object space 79872K, 26% used [0x0000000082e00000,0x0000000084294cc0,0x0000000087c00000)
 Metaspace       used 49881K, capacity 52398K, committed 52736K, reserved 1095680K
  class space    used 6357K, capacity 6812K, committed 6912K, reserved 1048576K
Event: 10.265 GC heap after
Heap after GC invocations=14 (full 2):
 PSYoungGen      total 357888K, used 4161K [0x00000000d6500000, 0x00000000ed980000, 0x0000000100000000)
  eden space 349696K, 0% used [0x00000000d6500000,0x00000000d6500000,0x00000000eba80000)
  from space 8192K, 50% used [0x00000000ed180000,0x00000000ed590660,0x00000000ed980000)
  to   space 15872K, 0% used [0x00000000eba80000,0x00000000eba80000,0x00000000eca00000)
 ParOldGen       total 79872K, used 24753K [0x0000000082e00000, 0x0000000087c00000, 0x00000000d6500000)
  object space 79872K, 30% used [0x0000000082e00000,0x000000008462c750,0x0000000087c00000)
 Metaspace       used 49881K, capacity 52398K, committed 52736K, reserved 1095680K
  class space    used 6357K, capacity 6812K, committed 6912K, reserved 1048576K
}
Event: 12.108 GC heap before
{Heap before GC invocations=15 (full 2):
 PSYoungGen      total 357888K, used 110724K [0x00000000d6500000, 0x00000000ed980000, 0x0000000100000000)
  eden space 349696K, 30% used [0x00000000d6500000,0x00000000dcd10ce0,0x00000000eba80000)
  from space 8192K, 50% used [0x00000000ed180000,0x00000000ed590660,0x00000000ed980000)
  to   space 15872K, 0% used [0x00000000eba80000,0x00000000eba80000,0x00000000eca00000)
 ParOldGen       total 79872K, used 24753K [0x0000000082e00000, 0x0000000087c00000, 0x00000000d6500000)
  object space 79872K, 30% used [0x0000000082e00000,0x000000008462c750,0x0000000087c00000)
 Metaspace       used 56287K, capacity 58886K, committed 59008K, reserved 1099776K
  class space    used 7477K, capacity 7958K, committed 8064K, reserved 1048576K
Event: 12.122 GC heap after
Heap after GC invocations=15 (full 2):
 PSYoungGen      total 365568K, used 6914K [0x00000000d6500000, 0x00000000f3b00000, 0x0000000100000000)
  eden space 349696K, 0% used [0x00000000d6500000,0x00000000d6500000,0x00000000eba80000)
  from space 15872K, 43% used [0x00000000eba80000,0x00000000ec140b70,0x00000000eca00000)
  to   space 15360K, 0% used [0x00000000f2c00000,0x00000000f2c00000,0x00000000f3b00000)
 ParOldGen       total 79872K, used 27868K [0x0000000082e00000, 0x0000000087c00000, 0x00000000d6500000)
  object space 79872K, 34% used [0x0000000082e00000,0x00000000849370c0,0x0000000087c00000)
 Metaspace       used 56287K, capacity 58886K, committed 59008K, reserved 1099776K
  class space    used 7477K, capacity 7958K, committed 8064K, reserved 1048576K
}
Event: 12.122 GC heap before
{Heap before GC invocations=16 (full 3):
 PSYoungGen      total 365568K, used 6914K [0x00000000d6500000, 0x00000000f3b00000, 0x0000000100000000)
  eden space 349696K, 0% used [0x00000000d6500000,0x00000000d6500000,0x00000000eba80000)
  from space 15872K, 43% used [0x00000000eba80000,0x00000000ec140b70,0x00000000eca00000)
  to   space 15360K, 0% used [0x00000000f2c00000,0x00000000f2c00000,0x00000000f3b00000)
 ParOldGen       total 79872K, used 27868K [0x0000000082e00000, 0x0000000087c00000, 0x00000000d6500000)
  object space 79872K, 34% used [0x0000000082e00000,0x00000000849370c0,0x0000000087c00000)
 Metaspace       used 56287K, capacity 58886K, committed 59008K, reserved 1099776K
  class space    used 7477K, capacity 7958K, committed 8064K, reserved 1048576K
Event: 12.409 GC heap after
Heap after GC invocations=16 (full 3):
 PSYoungGen      total 365568K, used 0K [0x00000000d6500000, 0x00000000f3b00000, 0x0000000100000000)
  eden space 349696K, 0% used [0x00000000d6500000,0x00000000d6500000,0x00000000eba80000)
  from space 15872K, 0% used [0x00000000eba80000,0x00000000eba80000,0x00000000eca00000)
  to   space 15360K, 0% used [0x00000000f2c00000,0x00000000f2c00000,0x00000000f3b00000)
 ParOldGen       total 79872K, used 24234K [0x0000000082e00000, 0x0000000087c00000, 0x00000000d6500000)
  object space 79872K, 30% used [0x0000000082e00000,0x00000000845aa8c0,0x0000000087c00000)
 Metaspace       used 56287K, capacity 58886K, committed 59008K, reserved 1099776K
  class space    used 7477K, capacity 7958K, committed 8064K, reserved 1048576K
}
Event: 12.798 GC heap before
{Heap before GC invocations=17 (full 3):
 PSYoungGen      total 365568K, used 25122K [0x00000000d6500000, 0x00000000f3b00000, 0x0000000100000000)
  eden space 349696K, 7% used [0x00000000d6500000,0x00000000d7d889d8,0x00000000eba80000)
  from space 15872K, 0% used [0x00000000eba80000,0x00000000eba80000,0x00000000eca00000)
  to   space 15360K, 0% used [0x00000000f2c00000,0x00000000f2c00000,0x00000000f3b00000)
 ParOldGen       total 79872K, used 24234K [0x0000000082e00000, 0x0000000087c00000, 0x00000000d6500000)
  object space 79872K, 30% used [0x0000000082e00000,0x00000000845aa8c0,0x0000000087c00000)
 Metaspace       used 57710K, capacity 60338K, committed 60416K, reserved 1107968K
  class space    used 7660K, capacity 8164K, committed 8192K, reserved 1048576K
Event: 12.802 GC heap after
Heap after GC invocations=17 (full 3):
 PSYoungGen      total 421888K, used 1883K [0x00000000d6500000, 0x00000000f2e00000, 0x0000000100000000)
  eden space 419840K, 0% used [0x00000000d6500000,0x00000000d6500000,0x00000000eff00000)
  from space 2048K, 91% used [0x00000000f2c00000,0x00000000f2dd6d78,0x00000000f2e00000)
  to   space 15360K, 0% used [0x00000000f1000000,0x00000000f1000000,0x00000000f1f00000)
 ParOldGen       total 79872K, used 24242K [0x0000000082e00000, 0x0000000087c00000, 0x00000000d6500000)
  object space 79872K, 30% used [0x0000000082e00000,0x00000000845ac8c0,0x0000000087c00000)
 Metaspace       used 57710K, capacity 60338K, committed 60416K, reserved 1107968K
  class space    used 7660K, capacity 8164K, committed 8192K, reserved 1048576K
}
Event: 12.803 GC heap before
{Heap before GC invocations=18 (full 4):
 PSYoungGen      total 421888K, used 1883K [0x00000000d6500000, 0x00000000f2e00000, 0x0000000100000000)
  eden space 419840K, 0% used [0x00000000d6500000,0x00000000d6500000,0x00000000eff00000)
  from space 2048K, 91% used [0x00000000f2c00000,0x00000000f2dd6d78,0x00000000f2e00000)
  to   space 15360K, 0% used [0x00000000f1000000,0x00000000f1000000,0x00000000f1f00000)
 ParOldGen       total 79872K, used 24242K [0x0000000082e00000, 0x0000000087c00000, 0x00000000d6500000)
  object space 79872K, 30% used [0x0000000082e00000,0x00000000845ac8c0,0x0000000087c00000)
 Metaspace       used 57710K, capacity 60338K, committed 60416K, reserved 1107968K
  class space    used 7660K, capacity 8164K, committed 8192K, reserved 1048576K
Event: 12.877 GC heap after
Heap after GC invocations=18 (full 4):
 PSYoungGen      total 421888K, used 0K [0x00000000d6500000, 0x00000000f2e00000, 0x0000000100000000)
  eden space 419840K, 0% used [0x00000000d6500000,0x00000000d6500000,0x00000000eff00000)
  from space 2048K, 0% used [0x00000000f2c00000,0x00000000f2c00000,0x00000000f2e00000)
  to   space 15360K, 0% used [0x00000000f1000000,0x00000000f1000000,0x00000000f1f00000)
 ParOldGen       total 79872K, used 20612K [0x0000000082e00000, 0x0000000087c00000, 0x00000000d6500000)
  object space 79872K, 25% used [0x0000000082e00000,0x0000000084221218,0x0000000087c00000)
 Metaspace       used 57710K, capacity 60338K, committed 60416K, reserved 1105920K
  class space    used 7660K, capacity 8164K, committed 8192K, reserved 1048576K
}

Deoptimization events (10 events):
Event: 12.953 Thread 0x000000001c2bd000 Uncommon trap: reason=unstable_if action=reinterpret pc=0x00000000036ed560 method=java.util.regex.Pattern.<init>(Ljava/lang/String;I)V @ 27
Event: 13.308 Thread 0x000000001c2bd000 Uncommon trap: reason=bimorphic action=maybe_recompile pc=0x0000000004371680 method=java.util.HashMap.removeNode(ILjava/lang/Object;Ljava/lang/Object;ZZ)Ljava/util/HashMap$Node; @ 68
Event: 13.309 Thread 0x000000001c2bd000 Uncommon trap: reason=bimorphic action=maybe_recompile pc=0x0000000004371680 method=java.util.HashMap.removeNode(ILjava/lang/Object;Ljava/lang/Object;ZZ)Ljava/util/HashMap$Node; @ 68
Event: 13.310 Thread 0x000000001c2bd000 Uncommon trap: reason=bimorphic action=maybe_recompile pc=0x0000000004371680 method=java.util.HashMap.removeNode(ILjava/lang/Object;Ljava/lang/Object;ZZ)Ljava/util/HashMap$Node; @ 68
Event: 13.310 Thread 0x000000001c2bd000 Uncommon trap: reason=bimorphic action=maybe_recompile pc=0x0000000004371680 method=java.util.HashMap.removeNode(ILjava/lang/Object;Ljava/lang/Object;ZZ)Ljava/util/HashMap$Node; @ 68
Event: 13.410 Thread 0x000000001c2bd000 Uncommon trap: reason=unstable_if action=reinterpret pc=0x0000000003ff8a94 method=java.util.HashMap$HashIterator.<init>(Ljava/util/HashMap;)V @ 45
Event: 13.699 Thread 0x000000001c2bd000 Uncommon trap: reason=unstable_if action=reinterpret pc=0x000000000438a398 method=java.lang.Class$MethodArray.add(Ljava/lang/reflect/Method;)V @ 51
Event: 14.046 Thread 0x000000001c2bd000 Uncommon trap: reason=class_check action=maybe_recompile pc=0x000000000409e958 method=org.springframework.beans.factory.support.AbstractBeanFactory.isTypeMatch(Ljava/lang/String;Lorg/springframework/core/ResolvableType;Z)Z @ 53
Event: 14.049 Thread 0x000000001c2bd000 Uncommon trap: reason=unstable_if action=reinterpret pc=0x0000000003e99754 method=java.net.URLClassLoader.definePackageInternal(Ljava/lang/String;Ljava/util/jar/Manifest;Ljava/net/URL;)V @ 11
Event: 14.067 Thread 0x000000001c2bd000 Uncommon trap: reason=class_check action=maybe_recompile pc=0x000000000409e958 method=org.springframework.beans.factory.support.AbstractBeanFactory.isTypeMatch(Ljava/lang/String;Lorg/springframework/core/ResolvableType;Z)Z @ 53

Classes redefined (0 events):
No events

Internal exceptions (10 events):
Event: 9.325 Thread 0x000000001c2bd000 Exception <a 'java/lang/ClassNotFoundException': liquibase/change/core/DropPrimaryKeyChangeBeanInfo> (0x00000000e4b90548) thrown at [C:\re\workspace\8-2-build-windows-amd64-cygwin\jdk8u231\13620\hotspot\src\share\vm\classfile\systemDictionary.cpp, line 21
Event: 9.327 Thread 0x000000001c2bd000 Exception <a 'java/lang/ClassNotFoundException': liquibase/change/core/DropPrimaryKeyChangeCustomizer> (0x00000000e4bc3120) thrown at [C:\re\workspace\8-2-build-windows-amd64-cygwin\jdk8u231\13620\hotspot\src\share\vm\classfile\systemDictionary.cpp, line 
Event: 9.347 Thread 0x000000001c2bd000 Exception <a 'java/lang/ClassNotFoundException': liquibase/change/core/DropAllForeignKeyConstraintsChangeBeanInfo> (0x00000000e4e28ad0) thrown at [C:\re\workspace\8-2-build-windows-amd64-cygwin\jdk8u231\13620\hotspot\src\share\vm\classfile\systemDictionar
Event: 9.349 Thread 0x000000001c2bd000 Exception <a 'java/lang/ClassNotFoundException': liquibase/change/core/DropAllForeignKeyConstraintsChangeCustomizer> (0x00000000e4e63e30) thrown at [C:\re\workspace\8-2-build-windows-amd64-cygwin\jdk8u231\13620\hotspot\src\share\vm\classfile\systemDiction
Event: 9.353 Thread 0x000000001c2bd000 Exception <a 'java/lang/ClassNotFoundException': liquibase/change/core/RenameColumnChangeBeanInfo> (0x00000000e4eb04e8) thrown at [C:\re\workspace\8-2-build-windows-amd64-cygwin\jdk8u231\13620\hotspot\src\share\vm\classfile\systemDictionary.cpp, line 210]
Event: 9.355 Thread 0x000000001c2bd000 Exception <a 'java/lang/ClassNotFoundException': liquibase/change/core/RenameColumnChangeCustomizer> (0x00000000e4ee04c8) thrown at [C:\re\workspace\8-2-build-windows-amd64-cygwin\jdk8u231\13620\hotspot\src\share\vm\classfile\systemDictionary.cpp, line 21
Event: 9.758 Thread 0x000000001c2bd000 Implicit null exception at 0x000000000446dce2 to 0x00000000044725a4
Event: 9.759 Thread 0x000000001c2bd000 Implicit null exception at 0x00000000038c878c to 0x00000000038c87bd
Event: 13.699 Thread 0x000000001c2bd000 Implicit null exception at 0x000000000438a0f1 to 0x000000000438a389
Event: 14.056 Thread 0x000000001c2bd000 Exception <a 'sun/nio/fs/WindowsException'> (0x00000000da168e38) thrown at [C:\re\workspace\8-2-build-windows-amd64-cygwin\jdk8u231\13620\hotspot\src\share\vm\prims\jni.cpp, line 710]

Events (10 events):
Event: 14.063 Thread 0x000000001c2bd000 DEOPT UNPACKING pc=0x00000000035c7890 sp=0x000000001cf5c890 mode 1
Event: 14.063 Thread 0x000000001c2bd000 DEOPT PACKING pc=0x0000000003c1d18c sp=0x000000001cf5cbc0
Event: 14.063 Thread 0x000000001c2bd000 DEOPT UNPACKING pc=0x00000000035c7890 sp=0x000000001cf5c988 mode 1
Event: 14.063 loading class org/springframework/web/servlet/mvc/support/RedirectAttributes
Event: 14.063 loading class org/springframework/web/servlet/mvc/support/RedirectAttributes done
Event: 14.063 Thread 0x000000001c2bd000 DEOPT PACKING pc=0x000000000472a534 sp=0x000000001cf5caa0
Event: 14.064 Thread 0x000000001c2bd000 DEOPT UNPACKING pc=0x00000000035c7890 sp=0x000000001cf5c770 mode 1
Event: 14.067 Thread 0x000000001c2bd000 Uncommon trap: trap_request=0xffffffde fr.pc=0x000000000409e958
Event: 14.067 Thread 0x000000001c2bd000 DEOPT PACKING pc=0x000000000409e958 sp=0x000000001cf5d280
Event: 14.067 Thread 0x000000001c2bd000 DEOPT UNPACKING pc=0x00000000035c583b sp=0x000000001cf5d2a8 mode 2


Dynamic libraries:
0x00007ff6fc780000 - 0x00007ff6fc7b7000 	C:\Program Files\Java\jdk1.8.0_231\bin\java.exe
0x00007ff87ff10000 - 0x00007ff880104000 	C:\WINDOWS\SYSTEM32\ntdll.dll
0x00007ff87e110000 - 0x00007ff87e1cd000 	C:\WINDOWS\System32\KERNEL32.DLL
0x00007ff87d7b0000 - 0x00007ff87da77000 	C:\WINDOWS\System32\KERNELBASE.dll
0x00007ff87e370000 - 0x00007ff87e41a000 	C:\WINDOWS\System32\ADVAPI32.dll
0x00007ff87fe30000 - 0x00007ff87fece000 	C:\WINDOWS\System32\msvcrt.dll
0x00007ff87e420000 - 0x00007ff87e4bb000 	C:\WINDOWS\System32\sechost.dll
0x00007ff87dfd0000 - 0x00007ff87e0f3000 	C:\WINDOWS\System32\RPCRT4.dll
0x00007ff87e1d0000 - 0x00007ff87e370000 	C:\WINDOWS\System32\USER32.dll
0x00007ff87dbb0000 - 0x00007ff87dbd2000 	C:\WINDOWS\System32\win32u.dll
0x00007ff87fe00000 - 0x00007ff87fe2a000 	C:\WINDOWS\System32\GDI32.dll
0x00007ff87d6a0000 - 0x00007ff87d7aa000 	C:\WINDOWS\System32\gdi32full.dll
0x00007ff87dea0000 - 0x00007ff87df3d000 	C:\WINDOWS\System32\msvcp_win.dll
0x00007ff87dda0000 - 0x00007ff87dea0000 	C:\WINDOWS\System32\ucrtbase.dll
0x00007ff867bc0000 - 0x00007ff867e5a000 	C:\WINDOWS\WinSxS\amd64_microsoft.windows.common-controls_6595b64144ccf1df_6.0.19041.1_none_b555e41d4684ddec\COMCTL32.dll
0x00007ff87f730000 - 0x00007ff87f760000 	C:\WINDOWS\System32\IMM32.DLL
0x000000005ab20000 - 0x000000005abf2000 	C:\Program Files\Java\jdk1.8.0_231\jre\bin\msvcr100.dll
0x000000005a270000 - 0x000000005ab16000 	C:\Program Files\Java\jdk1.8.0_231\jre\bin\server\jvm.dll
0x00007ff87f9b0000 - 0x00007ff87f9b8000 	C:\WINDOWS\System32\PSAPI.DLL
0x00007ff872fd0000 - 0x00007ff872fda000 	C:\WINDOWS\SYSTEM32\VERSION.dll
0x00007ff862730000 - 0x00007ff862739000 	C:\WINDOWS\SYSTEM32\WSOCK32.dll
0x00007ff853410000 - 0x00007ff853437000 	C:\WINDOWS\SYSTEM32\WINMM.dll
0x00007ff87fa20000 - 0x00007ff87fa8b000 	C:\WINDOWS\System32\WS2_32.dll
0x00007ff876fe0000 - 0x00007ff876fef000 	C:\Program Files\Java\jdk1.8.0_231\jre\bin\verify.dll
0x00007ff875670000 - 0x00007ff875699000 	C:\Program Files\Java\jdk1.8.0_231\jre\bin\java.dll
0x00007ff862100000 - 0x00007ff862135000 	C:\Program Files\Java\jdk1.8.0_231\jre\bin\jdwp.dll
0x00007ff875660000 - 0x00007ff875668000 	C:\Program Files\Java\jdk1.8.0_231\jre\bin\npt.dll
0x00007ff85d8c0000 - 0x00007ff85d8e3000 	C:\Program Files\Java\jdk1.8.0_231\jre\bin\instrument.dll
0x00007ff8744c0000 - 0x00007ff8744d6000 	C:\Program Files\Java\jdk1.8.0_231\jre\bin\zip.dll
0x00007ff87eed0000 - 0x00007ff87f601000 	C:\WINDOWS\System32\SHELL32.dll
0x00007ff87b430000 - 0x00007ff87bbba000 	C:\WINDOWS\SYSTEM32\windows.storage.dll
0x00007ff87e990000 - 0x00007ff87ece4000 	C:\WINDOWS\System32\combase.dll
0x00007ff87d0d0000 - 0x00007ff87d0fb000 	C:\WINDOWS\SYSTEM32\Wldp.dll
0x00007ff87fb70000 - 0x00007ff87fc1e000 	C:\WINDOWS\System32\SHCORE.dll
0x00007ff87f950000 - 0x00007ff87f9a5000 	C:\WINDOWS\System32\shlwapi.dll
0x00007ff87d590000 - 0x00007ff87d5af000 	C:\WINDOWS\SYSTEM32\profapi.dll
0x00007ff874a60000 - 0x00007ff874a69000 	C:\Program Files\Java\jdk1.8.0_231\jre\bin\dt_socket.dll
0x00007ff87ce50000 - 0x00007ff87ceba000 	C:\WINDOWS\system32\mswsock.dll
0x00007ff873790000 - 0x00007ff87379d000 	C:\Program Files\Java\jdk1.8.0_231\jre\bin\management.dll
0x00007ff866940000 - 0x00007ff86695a000 	C:\Program Files\Java\jdk1.8.0_231\jre\bin\net.dll
0x00007ff829280000 - 0x00007ff829297000 	C:\WINDOWS\system32\napinsp.dll
0x00007ff829260000 - 0x00007ff82927b000 	C:\WINDOWS\system32\pnrpnsp.dll
0x00007ff874ab0000 - 0x00007ff874ac5000 	C:\WINDOWS\system32\wshbth.dll
0x00007ff877070000 - 0x00007ff87708d000 	C:\WINDOWS\system32\NLAapi.dll
0x00007ff87caf0000 - 0x00007ff87cb2b000 	C:\WINDOWS\SYSTEM32\IPHLPAPI.DLL
0x00007ff87cb30000 - 0x00007ff87cbfa000 	C:\WINDOWS\SYSTEM32\DNSAPI.dll
0x00007ff87fc40000 - 0x00007ff87fc49000 	C:\WINDOWS\System32\NSI.dll
0x00007ff829240000 - 0x00007ff829252000 	C:\WINDOWS\System32\winrnr.dll
0x00007ff8690f0000 - 0x00007ff8690fa000 	C:\Windows\System32\rasadhlp.dll
0x00007ff869110000 - 0x00007ff86918f000 	C:\WINDOWS\System32\fwpuclnt.dll
0x00007ff87df40000 - 0x00007ff87df67000 	C:\WINDOWS\System32\bcrypt.dll
0x00007ff8620e0000 - 0x00007ff8620f2000 	C:\Program Files\Java\jdk1.8.0_231\jre\bin\nio.dll
0x00007ff87d020000 - 0x00007ff87d038000 	C:\WINDOWS\SYSTEM32\CRYPTSP.dll
0x00007ff87c770000 - 0x00007ff87c7a4000 	C:\WINDOWS\system32\rsaenh.dll
0x00007ff87d550000 - 0x00007ff87d57e000 	C:\WINDOWS\SYSTEM32\USERENV.dll
0x00007ff87db30000 - 0x00007ff87dbaf000 	C:\WINDOWS\System32\bcryptprimitives.dll
0x00007ff87d040000 - 0x00007ff87d04c000 	C:\WINDOWS\SYSTEM32\CRYPTBASE.dll
0x00007ff871dd0000 - 0x00007ff871de7000 	C:\WINDOWS\SYSTEM32\dhcpcsvc6.DLL
0x00007ff872fe0000 - 0x00007ff872ffd000 	C:\WINDOWS\SYSTEM32\dhcpcsvc.DLL

VM Arguments:
jvm_args: -agentlib:jdwp=transport=dt_socket,address=127.0.0.1:57192,suspend=y,server=n -javaagent:C:\Users\shrey\.IdeaIC2019.3\system\captureAgent\debugger-agent.jar -Dfile.encoding=UTF-8 
java_command: com.jsonUtility.jsonCreator.JsonCreatorApplication
java_class_path (initial): C:\Program Files\Java\jdk1.8.0_231\jre\lib\charsets.jar;C:\Program Files\Java\jdk1.8.0_231\jre\lib\deploy.jar;C:\Program Files\Java\jdk1.8.0_231\jre\lib\ext\access-bridge-64.jar;C:\Program Files\Java\jdk1.8.0_231\jre\lib\ext\cldrdata.jar;C:\Program Files\Java\jdk1.8.0_231\jre\lib\ext\dnsns.jar;C:\Program Files\Java\jdk1.8.0_231\jre\lib\ext\jaccess.jar;C:\Program Files\Java\jdk1.8.0_231\jre\lib\ext\jfxrt.jar;C:\Program Files\Java\jdk1.8.0_231\jre\lib\ext\localedata.jar;C:\Program Files\Java\jdk1.8.0_231\jre\lib\ext\nashorn.jar;C:\Program Files\Java\jdk1.8.0_231\jre\lib\ext\sunec.jar;C:\Program Files\Java\jdk1.8.0_231\jre\lib\ext\sunjce_provider.jar;C:\Program Files\Java\jdk1.8.0_231\jre\lib\ext\sunmscapi.jar;C:\Program Files\Java\jdk1.8.0_231\jre\lib\ext\sunpkcs11.jar;C:\Program Files\Java\jdk1.8.0_231\jre\lib\ext\zipfs.jar;C:\Program Files\Java\jdk1.8.0_231\jre\lib\javaws.jar;C:\Program Files\Java\jdk1.8.0_231\jre\lib\jce.jar;C:\Program Files\Java\jdk1.8.0_231\jre\lib\jfr.jar;C:\Program Files\Java\jdk1.8.0_231\jre\lib\jfxswt.jar;C:\Program Files\Java\jdk1.8.0_231\jre\lib\jsse.jar;C:\Program Files\Java\jdk1.8.0_231\jre\lib\management-agent.jar;C:\Program Files\Java\jdk1.8.0_231\jre\lib\plugin.jar;C:\Program Files\Java\jdk1.8.0_231\jre\lib\resources.jar;C:\Program Files\Java\jdk1.8.0_231\jre\lib\rt.jar;C:\Workspace\jsonCreator\jsonCreator\target\classes;C:\Users\shrey\.m2\repository\org\springframework\boot\spring-boot-starter-jersey\2.2.2.RELEASE\spring-boot-starter-jersey-2.2.2.RELEASE.jar;C:\Users\shrey\.m2\repository\org\springframework\boot\spring-boot-starter-json\2.2.2.RELEASE\spring-boot-starter-json-2.2.2.RELEASE.jar;C:\Users\shrey\.m2\repository\com\fasterxml\jackson\core\jackson-databind\2.10.1\jackson-databind-2.10.1.jar;C:\Users\shrey\.m2\repository\com\fasterxml\jackson\core\jackson-core\2.10.1\jackson-core-2.10.1.jar;C:\Users\shrey\.m2\repository\com\fasterxml\jackson\datatype\jackson-datatype-jdk8\2.10.1\jackson-datatype-jd
Launcher Type: SUN_STANDARD

Environment Variables:
PATH=C:\Program Files (x86)\Common Files\Oracle\Java\javapath;C:\WINDOWS\system32;C:\WINDOWS;C:\WINDOWS\System32\Wbem;C:\WINDOWS\System32\WindowsPowerShell\v1.0\;C:\WINDOWS\System32\OpenSSH\;C:\Program Files\Git\cmd;C:\Users\shrey\Downloads\Softwares\apache-maven-3.6.3-bin\apache-maven-3.6.3\bin;C:\Program Files\PostgreSQL\9.6\bin;C:\Users\shrey\AppData\Local\Microsoft\WindowsApps;C:\Program Files\heroku\bin;
USERNAME=shrey
OS=Windows_NT
PROCESSOR_IDENTIFIER=Intel64 Family 6 Model 142 Stepping 12, GenuineIntel



---------------  S Y S T E M  ---------------

OS: Windows 10.0 , 64 bit Build 19041 (10.0.19041.1)

CPU:total 8 (initial active 8) (4 cores per cpu, 2 threads per core) family 6 model 142 stepping 12, cmov, cx8, fxsr, mmx, sse, sse2, sse3, ssse3, sse4.1, sse4.2, popcnt, avx, avx2, aes, clmul, erms, 3dnowpref, lzcnt, ht, tsc, tscinvbit, bmi1, bmi2, adx

Memory: 4k page, physical 8197876k(486404k free), swap 33363700k(4268k free)

vm_info: Java HotSpot(TM) 64-Bit Server VM (25.231-b11) for windows-amd64 JRE (1.8.0_231-b11), built on Oct  5 2019 03:11:30 by "java_re" with MS VC++ 10.0 (VS2010)

time: Sun Feb 02 15:58:23 2020
timezone: India Standard Time
elapsed time: 14 seconds (0d 0h 0m 14s)

