#
# There is insufficient memory for the Java Runtime Environment to continue.
# Native memory allocation (malloc) failed to allocate 3901872 bytes for Chunk::new
# Possible reasons:
#   The system is out of physical RAM or swap space
#   The process is running with CompressedOops enabled, and the Java Heap may be blocking the growth of the native heap
# Possible solutions:
#   Reduce memory load on the system
#   Increase physical memory or swap space
#   Check if swap backing store is full
#   Decrease Java heap size (-Xmx/-Xms)
#   Decrease number of Java threads
#   Decrease Java thread stack sizes (-Xss)
#   Set larger code cache with -XX:ReservedCodeCacheSize=
#   JVM is running with Unscaled Compressed Oops mode in which the Java heap is
#     placed in the first 4GB address space. The Java Heap base address is the
#     maximum limit for the native heap growth. Please use -XX:HeapBaseMinAddress
#     to set the Java Heap base and to place the Java Heap above 4GB virtual address.
# This output file may be truncated or incomplete.
#
#  Out of Memory Error (allocation.cpp:389), pid=2760, tid=0x00000000000038d4
#
# JRE version: Java(TM) SE Runtime Environment (8.0_231-b11) (build 1.8.0_231-b11)
# Java VM: Java HotSpot(TM) 64-Bit Server VM (25.231-b11 mixed mode windows-amd64 compressed oops)
# Failed to write core dump. Minidumps are not enabled by default on client versions of Windows
#

---------------  T H R E A D  ---------------

Current thread (0x000000001b349000):  JavaThread "C2 CompilerThread1" daemon [_thread_in_native, id=14548, stack(0x000000001b540000,0x000000001b640000)]

Stack: [0x000000001b540000,0x000000001b640000]
[error occurred during error reporting (printing stack bounds), id 0xc0000005]

Native frames: (J=compiled Java code, j=interpreted, Vv=VM code, C=native code)


Current CompileTask:
C2:   4739 3386       4       org.springframework.core.annotation.AnnotationsScanner::processClassHierarchy (214 bytes)


---------------  P R O C E S S  ---------------

Java Threads: ( => current thread )
  0x000000001ac41000 JavaThread "HikariPool-1 connection adder" daemon [_thread_in_Java, id=15224, stack(0x0000000024170000,0x0000000024270000)]
  0x000000001ac45800 JavaThread "HikariPool-1 housekeeper" daemon [_thread_blocked, id=6980, stack(0x0000000023e70000,0x0000000023f70000)]
  0x000000001ac44000 JavaThread "PostgreSQL-JDBC-SharedTimer-1" daemon [_thread_blocked, id=19356, stack(0x000000001fe70000,0x000000001ff70000)]
  0x000000001ac40800 JavaThread "container-0" [_thread_blocked, id=11728, stack(0x00000000217d0000,0x00000000218d0000)]
  0x000000001ac42000 JavaThread "Catalina-utility-2" [_thread_blocked, id=8332, stack(0x000000001ed40000,0x000000001ee40000)]
  0x000000001ac43800 JavaThread "Catalina-utility-1" [_thread_blocked, id=9668, stack(0x000000001ddc0000,0x000000001dec0000)]
  0x000000001c274000 JavaThread "restartedMain" [_thread_in_native, id=2736, stack(0x000000001db00000,0x000000001dc00000)]
  0x000000001c7ed800 JavaThread "Thread-0" [_thread_blocked, id=4772, stack(0x000000001ca10000,0x000000001cb10000)]
  0x000000001b436800 JavaThread "Service Thread" daemon [_thread_blocked, id=4208, stack(0x000000001b840000,0x000000001b940000)]
  0x000000001b34b000 JavaThread "C1 CompilerThread3" daemon [_thread_in_native, id=19088, stack(0x000000001b740000,0x000000001b840000)]
  0x000000001b34a000 JavaThread "C2 CompilerThread2" daemon [_thread_blocked, id=15320, stack(0x000000001b640000,0x000000001b740000)]
=>0x000000001b349000 JavaThread "C2 CompilerThread1" daemon [_thread_in_native, id=14548, stack(0x000000001b540000,0x000000001b640000)]
  0x000000001b348800 JavaThread "C2 CompilerThread0" daemon [_thread_in_native, id=14840, stack(0x000000001b440000,0x000000001b540000)]
  0x000000001a09b000 JavaThread "JDWP Command Reader" daemon [_thread_in_native, id=16340, stack(0x000000001ab40000,0x000000001ac40000)]
  0x000000001a09a000 JavaThread "JDWP Event Helper Thread" daemon [_thread_blocked, id=1544, stack(0x000000001aa40000,0x000000001ab40000)]
  0x000000001a08f800 JavaThread "JDWP Transport Listener: dt_socket" daemon [_thread_blocked, id=12596, stack(0x000000001a940000,0x000000001aa40000)]
  0x000000001a081800 JavaThread "Attach Listener" daemon [_thread_blocked, id=17476, stack(0x000000001a840000,0x000000001a940000)]
  0x000000001a080800 JavaThread "Signal Dispatcher" daemon [_thread_blocked, id=9148, stack(0x000000001a740000,0x000000001a840000)]
  0x000000001826b000 JavaThread "Finalizer" daemon [_thread_blocked, id=15184, stack(0x000000001a540000,0x000000001a640000)]
  0x000000001a060800 JavaThread "Reference Handler" daemon [_thread_blocked, id=8788, stack(0x000000001a440000,0x000000001a540000)]
  0x00000000031aa800 JavaThread "main" [_thread_blocked, id=13604, stack(0x00000000030a0000,0x00000000031a0000)]

Other Threads:
  0x000000001825b000 VMThread [stack: 0x0000000019f40000,0x000000001a040000] [id=8896]
  0x000000001b9ae800 WatcherThread [stack: 0x000000001c910000,0x000000001ca10000] [id=14888]

VM state:not at safepoint (normal execution)

VM Mutex/Monitor currently owned by a thread:  ([mutex/lock_event])
[0x00000000031b5850] CodeCache_lock - owner thread: 0x000000001b34b000
[0x00000000031a9730] Compile_lock - owner thread: 0x000000001b34b000
[0x00000000031aa2b0] MethodCompileQueue_lock - owner thread: 0x000000001b34b000

heap address: 0x0000000082e00000, size: 2002 MB, Compressed Oops mode: 32-bit
Narrow klass base: 0x0000000000000000, Narrow klass shift: 3
Compressed class space size: 1073741824 Address: 0x0000000100000000

Heap:
 PSYoungGen      total 269312K, used 41360K [0x00000000d6500000, 0x00000000e8380000, 0x0000000100000000)
  eden space 257024K, 16% used [0x00000000d6500000,0x00000000d8d64030,0x00000000e6000000)
  from space 12288K, 0% used [0x00000000e7780000,0x00000000e7780000,0x00000000e8380000)
  to   space 9216K, 0% used [0x00000000e6000000,0x00000000e6000000,0x00000000e6900000)
 ParOldGen       total 80384K, used 12248K [0x0000000082e00000, 0x0000000087c80000, 0x00000000d6500000)
  object space 80384K, 15% used [0x0000000082e00000,0x00000000839f6108,0x0000000087c80000)
 Metaspace       used 36463K, capacity 38298K, committed 38528K, reserved 1083392K
  class space    used 4646K, capacity 4976K, committed 4992K, reserved 1048576K

Card table byte_map: [0x0000000012760000,0x0000000012b50000] byte_map_base: 0x0000000012349000

Marking Bits: (ParMarkBitMap*) 0x000000005aa96d90
 Begin Bits: [0x00000000135f0000, 0x0000000015538000)
 End Bits:   [0x0000000015538000, 0x0000000017480000)

Polling page: 0x0000000001190000

CodeCache: size=245760Kb used=11263Kb max_used=12853Kb free=234496Kb
 bounds [0x00000000033a0000, 0x0000000004050000, 0x00000000123a0000]
 total_blobs=3580 nmethods=3158 adapters=341
 compilation: enabled

Compilation events (10 events):
Event: 4.699 Thread 0x000000001b34b000 3568       3       org.springframework.asm.ClassVisitor::<init> (66 bytes)
Event: 4.699 Thread 0x000000001b34a000 nmethod 3564 0x00000000036f3d10 code [0x00000000036f3e40, 0x00000000036f3f18]
Event: 4.699 Thread 0x000000001b34b000 nmethod 3568 0x00000000034b55d0 code [0x00000000034b57c0, 0x00000000034b6138]
Event: 4.699 Thread 0x000000001b34b000 3567       3       java.util.SubList::size (9 bytes)
Event: 4.700 Thread 0x000000001b34b000 nmethod 3567 0x000000000367ce10 code [0x000000000367cfa0, 0x000000000367d268]
Event: 4.700 Thread 0x000000001b34b000 3569       3       java.util.AbstractList::subList (31 bytes)
Event: 4.700 Thread 0x000000001b34b000 nmethod 3569 0x0000000003511dd0 code [0x0000000003511f60, 0x00000000035123f8]
Event: 4.700 Thread 0x000000001b34b000 3570       3       java.util.RandomAccessSubList::<init> (8 bytes)
Event: 4.701 Thread 0x000000001b34b000 nmethod 3570 0x00000000035f2ed0 code [0x00000000035f3040, 0x00000000035f31e8]
Event: 4.721 Thread 0x000000001b34b000 3571       3       java.lang.StringCoding::safeTrim (24 bytes)

GC Heap History (10 events):
Event: 1.890 GC heap before
{Heap before GC invocations=8 (full 1):
 PSYoungGen      total 136704K, used 6644K [0x00000000d6500000, 0x00000000e7500000, 0x0000000100000000)
  eden space 130048K, 0% used [0x00000000d6500000,0x00000000d6500000,0x00000000de400000)
  from space 6656K, 99% used [0x00000000de400000,0x00000000dea7d3d8,0x00000000dea80000)
  to   space 9216K, 0% used [0x00000000e6c00000,0x00000000e6c00000,0x00000000e7500000)
 ParOldGen       total 86016K, used 4277K [0x0000000082e00000, 0x0000000088200000, 0x00000000d6500000)
  object space 86016K, 4% used [0x0000000082e00000,0x000000008322d490,0x0000000088200000)
 Metaspace       used 20605K, capacity 21170K, committed 21248K, reserved 1067008K
  class space    used 2588K, capacity 2755K, committed 2816K, reserved 1048576K
Event: 1.919 GC heap after
Heap after GC invocations=8 (full 1):
 PSYoungGen      total 136704K, used 0K [0x00000000d6500000, 0x00000000e7500000, 0x0000000100000000)
  eden space 130048K, 0% used [0x00000000d6500000,0x00000000d6500000,0x00000000de400000)
  from space 6656K, 0% used [0x00000000de400000,0x00000000de400000,0x00000000dea80000)
  to   space 9216K, 0% used [0x00000000e6c00000,0x00000000e6c00000,0x00000000e7500000)
 ParOldGen       total 57344K, used 9702K [0x0000000082e00000, 0x0000000086600000, 0x00000000d6500000)
  object space 57344K, 16% used [0x0000000082e00000,0x0000000083779bd0,0x0000000086600000)
 Metaspace       used 20605K, capacity 21170K, committed 21248K, reserved 1067008K
  class space    used 2588K, capacity 2755K, committed 2816K, reserved 1048576K
}
Event: 2.529 GC heap before
{Heap before GC invocations=9 (full 1):
 PSYoungGen      total 136704K, used 130048K [0x00000000d6500000, 0x00000000e7500000, 0x0000000100000000)
  eden space 130048K, 100% used [0x00000000d6500000,0x00000000de400000,0x00000000de400000)
  from space 6656K, 0% used [0x00000000de400000,0x00000000de400000,0x00000000dea80000)
  to   space 9216K, 0% used [0x00000000e6c00000,0x00000000e6c00000,0x00000000e7500000)
 ParOldGen       total 57344K, used 9702K [0x0000000082e00000, 0x0000000086600000, 0x00000000d6500000)
  object space 57344K, 16% used [0x0000000082e00000,0x0000000083779bd0,0x0000000086600000)
 Metaspace       used 24653K, capacity 25538K, committed 25728K, reserved 1071104K
  class space    used 3108K, capacity 3332K, committed 3456K, reserved 1048576K
Event: 2.533 GC heap after
Heap after GC invocations=9 (full 1):
 PSYoungGen      total 210432K, used 6130K [0x00000000d6500000, 0x00000000e7200000, 0x0000000100000000)
  eden space 204288K, 0% used [0x00000000d6500000,0x00000000d6500000,0x00000000e2c80000)
  from space 6144K, 99% used [0x00000000e6c00000,0x00000000e71fcbe8,0x00000000e7200000)
  to   space 9216K, 0% used [0x00000000e6000000,0x00000000e6000000,0x00000000e6900000)
 ParOldGen       total 57344K, used 9710K [0x0000000082e00000, 0x0000000086600000, 0x00000000d6500000)
  object space 57344K, 16% used [0x0000000082e00000,0x000000008377bbd0,0x0000000086600000)
 Metaspace       used 24653K, capacity 25538K, committed 25728K, reserved 1071104K
  class space    used 3108K, capacity 3332K, committed 3456K, reserved 1048576K
}
Event: 4.131 GC heap before
{Heap before GC invocations=10 (full 1):
 PSYoungGen      total 210432K, used 210418K [0x00000000d6500000, 0x00000000e7200000, 0x0000000100000000)
  eden space 204288K, 100% used [0x00000000d6500000,0x00000000e2c80000,0x00000000e2c80000)
  from space 6144K, 99% used [0x00000000e6c00000,0x00000000e71fcbe8,0x00000000e7200000)
  to   space 9216K, 0% used [0x00000000e6000000,0x00000000e6000000,0x00000000e6900000)
 ParOldGen       total 57344K, used 9710K [0x0000000082e00000, 0x0000000086600000, 0x00000000d6500000)
  object space 57344K, 16% used [0x0000000082e00000,0x000000008377bbd0,0x0000000086600000)
 Metaspace       used 33076K, capacity 34828K, committed 35072K, reserved 1079296K
  class space    used 4243K, capacity 4571K, committed 4608K, reserved 1048576K
Event: 4.140 GC heap after
Heap after GC invocations=10 (full 1):
 PSYoungGen      total 266240K, used 9206K [0x00000000d6500000, 0x00000000e8380000, 0x0000000100000000)
  eden space 257024K, 0% used [0x00000000d6500000,0x00000000d6500000,0x00000000e6000000)
  from space 9216K, 99% used [0x00000000e6000000,0x00000000e68fda50,0x00000000e6900000)
  to   space 12288K, 0% used [0x00000000e7780000,0x00000000e7780000,0x00000000e8380000)
 ParOldGen       total 57344K, used 14399K [0x0000000082e00000, 0x0000000086600000, 0x00000000d6500000)
  object space 57344K, 25% used [0x0000000082e00000,0x0000000083c0fd98,0x0000000086600000)
 Metaspace       used 33076K, capacity 34828K, committed 35072K, reserved 1079296K
  class space    used 4243K, capacity 4571K, committed 4608K, reserved 1048576K
}
Event: 4.275 GC heap before
{Heap before GC invocations=11 (full 1):
 PSYoungGen      total 266240K, used 65823K [0x00000000d6500000, 0x00000000e8380000, 0x0000000100000000)
  eden space 257024K, 22% used [0x00000000d6500000,0x00000000d9c4a398,0x00000000e6000000)
  from space 9216K, 99% used [0x00000000e6000000,0x00000000e68fda50,0x00000000e6900000)
  to   space 12288K, 0% used [0x00000000e7780000,0x00000000e7780000,0x00000000e8380000)
 ParOldGen       total 57344K, used 14399K [0x0000000082e00000, 0x0000000086600000, 0x00000000d6500000)
  object space 57344K, 25% used [0x0000000082e00000,0x0000000083c0fd98,0x0000000086600000)
 Metaspace       used 33620K, capacity 35320K, committed 35416K, reserved 1081344K
  class space    used 4308K, capacity 4607K, committed 4608K, reserved 1048576K
Event: 4.283 GC heap after
Heap after GC invocations=11 (full 1):
 PSYoungGen      total 269312K, used 5785K [0x00000000d6500000, 0x00000000e8380000, 0x0000000100000000)
  eden space 257024K, 0% used [0x00000000d6500000,0x00000000d6500000,0x00000000e6000000)
  from space 12288K, 47% used [0x00000000e7780000,0x00000000e7d26488,0x00000000e8380000)
  to   space 9216K, 0% used [0x00000000e6000000,0x00000000e6000000,0x00000000e6900000)
 ParOldGen       total 57344K, used 16476K [0x0000000082e00000, 0x0000000086600000, 0x00000000d6500000)
  object space 57344K, 28% used [0x0000000082e00000,0x0000000083e170c0,0x0000000086600000)
 Metaspace       used 33620K, capacity 35320K, committed 35416K, reserved 1081344K
  class space    used 4308K, capacity 4607K, committed 4608K, reserved 1048576K
}
Event: 4.283 GC heap before
{Heap before GC invocations=12 (full 2):
 PSYoungGen      total 269312K, used 5785K [0x00000000d6500000, 0x00000000e8380000, 0x0000000100000000)
  eden space 257024K, 0% used [0x00000000d6500000,0x00000000d6500000,0x00000000e6000000)
  from space 12288K, 47% used [0x00000000e7780000,0x00000000e7d26488,0x00000000e8380000)
  to   space 9216K, 0% used [0x00000000e6000000,0x00000000e6000000,0x00000000e6900000)
 ParOldGen       total 57344K, used 16476K [0x0000000082e00000, 0x0000000086600000, 0x00000000d6500000)
  object space 57344K, 28% used [0x0000000082e00000,0x0000000083e170c0,0x0000000086600000)
 Metaspace       used 33620K, capacity 35320K, committed 35416K, reserved 1081344K
  class space    used 4308K, capacity 4607K, committed 4608K, reserved 1048576K
Event: 4.328 GC heap after
Heap after GC invocations=12 (full 2):
 PSYoungGen      total 269312K, used 0K [0x00000000d6500000, 0x00000000e8380000, 0x0000000100000000)
  eden space 257024K, 0% used [0x00000000d6500000,0x00000000d6500000,0x00000000e6000000)
  from space 12288K, 0% used [0x00000000e7780000,0x00000000e7780000,0x00000000e8380000)
  to   space 9216K, 0% used [0x00000000e6000000,0x00000000e6000000,0x00000000e6900000)
 ParOldGen       total 80384K, used 12248K [0x0000000082e00000, 0x0000000087c80000, 0x00000000d6500000)
  object space 80384K, 15% used [0x0000000082e00000,0x00000000839f6108,0x0000000087c80000)
 Metaspace       used 33620K, capacity 35320K, committed 35416K, reserved 1081344K
  class space    used 4308K, capacity 4607K, committed 4608K, reserved 1048576K
}

Deoptimization events (10 events):
Event: 4.561 Thread 0x000000001c274000 Uncommon trap: reason=class_check action=maybe_recompile pc=0x0000000003fcd510 method=java.net.URLStreamHandler.parseURL(Ljava/net/URL;Ljava/lang/String;II)V @ 1189
Event: 4.561 Thread 0x000000001c274000 Uncommon trap: reason=unstable_if action=reinterpret pc=0x0000000003889e5c method=java.net.URLStreamHandler.setURL(Ljava/net/URL;Ljava/lang/String;Ljava/lang/String;ILjava/lang/String;Ljava/lang/String;Ljava/lang/String;Ljava/lang/String;Ljava/lang/String
Event: 4.561 Thread 0x000000001c274000 Uncommon trap: reason=class_check action=maybe_recompile pc=0x0000000003fcd510 method=java.net.URLStreamHandler.parseURL(Ljava/net/URL;Ljava/lang/String;II)V @ 1189
Event: 4.562 Thread 0x000000001c274000 Uncommon trap: reason=class_check action=maybe_recompile pc=0x0000000003fcd510 method=java.net.URLStreamHandler.parseURL(Ljava/net/URL;Ljava/lang/String;II)V @ 1189
Event: 4.562 Thread 0x000000001c274000 Uncommon trap: reason=class_check action=maybe_recompile pc=0x0000000003fcd510 method=java.net.URLStreamHandler.parseURL(Ljava/net/URL;Ljava/lang/String;II)V @ 1189
Event: 4.566 Thread 0x000000001c274000 Uncommon trap: reason=unstable_if action=reinterpret pc=0x00000000039c8a2c method=java.lang.ClassLoader.checkName(Ljava/lang/String;)Z @ 20
Event: 4.566 Thread 0x000000001c274000 Uncommon trap: reason=unstable_if action=reinterpret pc=0x0000000003a33950 method=java.lang.ClassLoader.checkName(Ljava/lang/String;)Z @ 20
Event: 4.566 Thread 0x000000001c274000 Uncommon trap: reason=unstable_if action=reinterpret pc=0x000000000385b080 method=java.lang.ClassLoader.checkName(Ljava/lang/String;)Z @ 20
Event: 4.573 Thread 0x000000001c274000 Uncommon trap: reason=unstable_if action=reinterpret pc=0x0000000003b984e0 method=org.springframework.util.StringUtils.deleteAny(Ljava/lang/String;Ljava/lang/String;)Ljava/lang/String; @ 4
Event: 4.661 Thread 0x000000001ac41000 Uncommon trap: reason=unstable_if action=reinterpret pc=0x00000000036948f8 method=java.net.URI.match(CJJ)Z @ 45

Classes redefined (0 events):
No events

Internal exceptions (10 events):
Event: 4.404 Thread 0x000000001c274000 Implicit null exception at 0x0000000003b3385d to 0x0000000003b33dcc
Event: 4.404 Thread 0x000000001c274000 Exception <a 'java/lang/NullPointerException'> (0x00000000d6c098e8) thrown at [C:\re\workspace\8-2-build-windows-amd64-cygwin\jdk8u231\13620\hotspot\src\share\vm\runtime\sharedRuntime.cpp, line 605]
Event: 4.404 Thread 0x000000001c274000 Implicit null exception at 0x0000000003b3385d to 0x0000000003b33dcc
Event: 4.404 Thread 0x000000001c274000 Exception <a 'java/lang/NullPointerException'> (0x00000000d6c0a580) thrown at [C:\re\workspace\8-2-build-windows-amd64-cygwin\jdk8u231\13620\hotspot\src\share\vm\runtime\sharedRuntime.cpp, line 605]
Event: 4.404 Thread 0x000000001c274000 Implicit null exception at 0x0000000003b3385d to 0x0000000003b33dcc
Event: 4.404 Thread 0x000000001c274000 Exception <a 'java/lang/NullPointerException'> (0x00000000d6c0bf70) thrown at [C:\re\workspace\8-2-build-windows-amd64-cygwin\jdk8u231\13620\hotspot\src\share\vm\runtime\sharedRuntime.cpp, line 605]
Event: 4.404 Thread 0x000000001c274000 Implicit null exception at 0x0000000003b3385d to 0x0000000003b33dcc
Event: 4.404 Thread 0x000000001c274000 Exception <a 'java/lang/NullPointerException'> (0x00000000d6c0cb78) thrown at [C:\re\workspace\8-2-build-windows-amd64-cygwin\jdk8u231\13620\hotspot\src\share\vm\runtime\sharedRuntime.cpp, line 605]
Event: 4.404 Thread 0x000000001c274000 Implicit null exception at 0x0000000003b3385d to 0x0000000003b33dcc
Event: 4.404 Thread 0x000000001c274000 Exception <a 'java/lang/NullPointerException'> (0x00000000d6c0d820) thrown at [C:\re\workspace\8-2-build-windows-amd64-cygwin\jdk8u231\13620\hotspot\src\share\vm\runtime\sharedRuntime.cpp, line 605]

Events (10 events):
Event: 4.701 Thread 0x000000001c274000 DEOPT PACKING pc=0x0000000003feeba4 sp=0x000000001dbfc470
Event: 4.701 Thread 0x000000001c274000 DEOPT UNPACKING pc=0x00000000033e7890 sp=0x000000001dbfc290 mode 1
Event: 4.701 Thread 0x000000001c274000 DEOPT PACKING pc=0x0000000003fee93c sp=0x000000001dbfc600
Event: 4.701 Thread 0x000000001c274000 DEOPT UNPACKING pc=0x00000000033e7890 sp=0x000000001dbfc420 mode 1
Event: 4.702 loading class liquibase/command/CommandFactory
Event: 4.702 loading class liquibase/command/CommandFactory done
Event: 4.702 Thread 0x000000001c274000 DEOPT PACKING pc=0x0000000003feeba4 sp=0x000000001dbfc470
Event: 4.702 Thread 0x000000001c274000 DEOPT UNPACKING pc=0x00000000033e7890 sp=0x000000001dbfc290 mode 1
Event: 4.702 Thread 0x000000001c274000 DEOPT PACKING pc=0x0000000003fee93c sp=0x000000001dbfc600
Event: 4.702 Thread 0x000000001c274000 DEOPT UNPACKING pc=0x00000000033e7890 sp=0x000000001dbfc420 mode 1


Dynamic libraries:
0x00007ff6fc780000 - 0x00007ff6fc7b7000 	C:\Program Files\Java\jdk1.8.0_231\bin\java.exe
0x00007ff87ff10000 - 0x00007ff880104000 	C:\WINDOWS\SYSTEM32\ntdll.dll
0x00007ff87e110000 - 0x00007ff87e1cd000 	C:\WINDOWS\System32\KERNEL32.DLL
0x00007ff87d7b0000 - 0x00007ff87da77000 	C:\WINDOWS\System32\KERNELBASE.dll
0x00007ff87e370000 - 0x00007ff87e41a000 	C:\WINDOWS\System32\ADVAPI32.dll
0x00007ff87fe30000 - 0x00007ff87fece000 	C:\WINDOWS\System32\msvcrt.dll
0x00007ff87e420000 - 0x00007ff87e4bb000 	C:\WINDOWS\System32\sechost.dll
0x00007ff87dfd0000 - 0x00007ff87e0f3000 	C:\WINDOWS\System32\RPCRT4.dll
0x00007ff87e1d0000 - 0x00007ff87e370000 	C:\WINDOWS\System32\USER32.dll
0x00007ff87dbb0000 - 0x00007ff87dbd2000 	C:\WINDOWS\System32\win32u.dll
0x00007ff87fe00000 - 0x00007ff87fe2a000 	C:\WINDOWS\System32\GDI32.dll
0x00007ff87d6a0000 - 0x00007ff87d7aa000 	C:\WINDOWS\System32\gdi32full.dll
0x00007ff87dea0000 - 0x00007ff87df3d000 	C:\WINDOWS\System32\msvcp_win.dll
0x00007ff87dda0000 - 0x00007ff87dea0000 	C:\WINDOWS\System32\ucrtbase.dll
0x00007ff867bc0000 - 0x00007ff867e5a000 	C:\WINDOWS\WinSxS\amd64_microsoft.windows.common-controls_6595b64144ccf1df_6.0.19041.1_none_b555e41d4684ddec\COMCTL32.dll
0x00007ff87f730000 - 0x00007ff87f760000 	C:\WINDOWS\System32\IMM32.DLL
0x000000005ab20000 - 0x000000005abf2000 	C:\Program Files\Java\jdk1.8.0_231\jre\bin\msvcr100.dll
0x000000005a270000 - 0x000000005ab16000 	C:\Program Files\Java\jdk1.8.0_231\jre\bin\server\jvm.dll
0x00007ff87f9b0000 - 0x00007ff87f9b8000 	C:\WINDOWS\System32\PSAPI.DLL
0x00007ff862730000 - 0x00007ff862739000 	C:\WINDOWS\SYSTEM32\WSOCK32.dll
0x00007ff872fd0000 - 0x00007ff872fda000 	C:\WINDOWS\SYSTEM32\VERSION.dll
0x00007ff853410000 - 0x00007ff853437000 	C:\WINDOWS\SYSTEM32\WINMM.dll
0x00007ff87fa20000 - 0x00007ff87fa8b000 	C:\WINDOWS\System32\WS2_32.dll
0x00007ff876fe0000 - 0x00007ff876fef000 	C:\Program Files\Java\jdk1.8.0_231\jre\bin\verify.dll
0x00007ff875670000 - 0x00007ff875699000 	C:\Program Files\Java\jdk1.8.0_231\jre\bin\java.dll
0x00007ff862100000 - 0x00007ff862135000 	C:\Program Files\Java\jdk1.8.0_231\jre\bin\jdwp.dll
0x00007ff875660000 - 0x00007ff875668000 	C:\Program Files\Java\jdk1.8.0_231\jre\bin\npt.dll
0x00007ff85d8c0000 - 0x00007ff85d8e3000 	C:\Program Files\Java\jdk1.8.0_231\jre\bin\instrument.dll
0x00007ff8744c0000 - 0x00007ff8744d6000 	C:\Program Files\Java\jdk1.8.0_231\jre\bin\zip.dll
0x00007ff87eed0000 - 0x00007ff87f601000 	C:\WINDOWS\System32\SHELL32.dll
0x00007ff87b430000 - 0x00007ff87bbba000 	C:\WINDOWS\SYSTEM32\windows.storage.dll
0x00007ff87e990000 - 0x00007ff87ece4000 	C:\WINDOWS\System32\combase.dll
0x00007ff87d0d0000 - 0x00007ff87d0fb000 	C:\WINDOWS\SYSTEM32\Wldp.dll
0x00007ff87fb70000 - 0x00007ff87fc1e000 	C:\WINDOWS\System32\SHCORE.dll
0x00007ff87f950000 - 0x00007ff87f9a5000 	C:\WINDOWS\System32\shlwapi.dll
0x00007ff87d590000 - 0x00007ff87d5af000 	C:\WINDOWS\SYSTEM32\profapi.dll
0x00007ff874a60000 - 0x00007ff874a69000 	C:\Program Files\Java\jdk1.8.0_231\jre\bin\dt_socket.dll
0x00007ff87ce50000 - 0x00007ff87ceba000 	C:\WINDOWS\system32\mswsock.dll
0x00007ff873790000 - 0x00007ff87379d000 	C:\Program Files\Java\jdk1.8.0_231\jre\bin\management.dll
0x00007ff866940000 - 0x00007ff86695a000 	C:\Program Files\Java\jdk1.8.0_231\jre\bin\net.dll
0x00007ff829280000 - 0x00007ff829297000 	C:\WINDOWS\system32\napinsp.dll
0x00007ff829260000 - 0x00007ff82927b000 	C:\WINDOWS\system32\pnrpnsp.dll
0x00007ff874ab0000 - 0x00007ff874ac5000 	C:\WINDOWS\system32\wshbth.dll
0x00007ff877070000 - 0x00007ff87708d000 	C:\WINDOWS\system32\NLAapi.dll
0x00007ff87caf0000 - 0x00007ff87cb2b000 	C:\WINDOWS\SYSTEM32\IPHLPAPI.DLL
0x00007ff87cb30000 - 0x00007ff87cbfa000 	C:\WINDOWS\SYSTEM32\DNSAPI.dll
0x00007ff87fc40000 - 0x00007ff87fc49000 	C:\WINDOWS\System32\NSI.dll
0x00007ff829240000 - 0x00007ff829252000 	C:\WINDOWS\System32\winrnr.dll
0x00007ff8690f0000 - 0x00007ff8690fa000 	C:\Windows\System32\rasadhlp.dll
0x00007ff869110000 - 0x00007ff86918f000 	C:\WINDOWS\System32\fwpuclnt.dll
0x00007ff87df40000 - 0x00007ff87df67000 	C:\WINDOWS\System32\bcrypt.dll
0x00007ff8620e0000 - 0x00007ff8620f2000 	C:\Program Files\Java\jdk1.8.0_231\jre\bin\nio.dll
0x00007ff87d020000 - 0x00007ff87d038000 	C:\WINDOWS\SYSTEM32\CRYPTSP.dll
0x00007ff87c770000 - 0x00007ff87c7a4000 	C:\WINDOWS\system32\rsaenh.dll
0x00007ff87d550000 - 0x00007ff87d57e000 	C:\WINDOWS\SYSTEM32\USERENV.dll
0x00007ff87db30000 - 0x00007ff87dbaf000 	C:\WINDOWS\System32\bcryptprimitives.dll
0x00007ff87d040000 - 0x00007ff87d04c000 	C:\WINDOWS\SYSTEM32\CRYPTBASE.dll
0x00007ff871dd0000 - 0x00007ff871de7000 	C:\WINDOWS\SYSTEM32\dhcpcsvc6.DLL
0x00007ff872fe0000 - 0x00007ff872ffd000 	C:\WINDOWS\SYSTEM32\dhcpcsvc.DLL

VM Arguments:
jvm_args: -agentlib:jdwp=transport=dt_socket,address=127.0.0.1:57268,suspend=y,server=n -javaagent:C:\Users\shrey\.IdeaIC2019.3\system\captureAgent\debugger-agent.jar -Dfile.encoding=UTF-8 
java_command: com.jsonUtility.jsonCreator.JsonCreatorApplication
java_class_path (initial): C:\Program Files\Java\jdk1.8.0_231\jre\lib\charsets.jar;C:\Program Files\Java\jdk1.8.0_231\jre\lib\deploy.jar;C:\Program Files\Java\jdk1.8.0_231\jre\lib\ext\access-bridge-64.jar;C:\Program Files\Java\jdk1.8.0_231\jre\lib\ext\cldrdata.jar;C:\Program Files\Java\jdk1.8.0_231\jre\lib\ext\dnsns.jar;C:\Program Files\Java\jdk1.8.0_231\jre\lib\ext\jaccess.jar;C:\Program Files\Java\jdk1.8.0_231\jre\lib\ext\jfxrt.jar;C:\Program Files\Java\jdk1.8.0_231\jre\lib\ext\localedata.jar;C:\Program Files\Java\jdk1.8.0_231\jre\lib\ext\nashorn.jar;C:\Program Files\Java\jdk1.8.0_231\jre\lib\ext\sunec.jar;C:\Program Files\Java\jdk1.8.0_231\jre\lib\ext\sunjce_provider.jar;C:\Program Files\Java\jdk1.8.0_231\jre\lib\ext\sunmscapi.jar;C:\Program Files\Java\jdk1.8.0_231\jre\lib\ext\sunpkcs11.jar;C:\Program Files\Java\jdk1.8.0_231\jre\lib\ext\zipfs.jar;C:\Program Files\Java\jdk1.8.0_231\jre\lib\javaws.jar;C:\Program Files\Java\jdk1.8.0_231\jre\lib\jce.jar;C:\Program Files\Java\jdk1.8.0_231\jre\lib\jfr.jar;C:\Program Files\Java\jdk1.8.0_231\jre\lib\jfxswt.jar;C:\Program Files\Java\jdk1.8.0_231\jre\lib\jsse.jar;C:\Program Files\Java\jdk1.8.0_231\jre\lib\management-agent.jar;C:\Program Files\Java\jdk1.8.0_231\jre\lib\plugin.jar;C:\Program Files\Java\jdk1.8.0_231\jre\lib\resources.jar;C:\Program Files\Java\jdk1.8.0_231\jre\lib\rt.jar;C:\Workspace\jsonCreator\jsonCreator\target\classes;C:\Users\shrey\.m2\repository\org\springframework\boot\spring-boot-starter-jersey\2.2.2.RELEASE\spring-boot-starter-jersey-2.2.2.RELEASE.jar;C:\Users\shrey\.m2\repository\org\springframework\boot\spring-boot-starter-json\2.2.2.RELEASE\spring-boot-starter-json-2.2.2.RELEASE.jar;C:\Users\shrey\.m2\repository\com\fasterxml\jackson\core\jackson-databind\2.10.1\jackson-databind-2.10.1.jar;C:\Users\shrey\.m2\repository\com\fasterxml\jackson\core\jackson-core\2.10.1\jackson-core-2.10.1.jar;C:\Users\shrey\.m2\repository\com\fasterxml\jackson\datatype\jackson-datatype-jdk8\2.10.1\jackson-datatype-jd
Launcher Type: SUN_STANDARD

Environment Variables:
PATH=C:\Program Files (x86)\Common Files\Oracle\Java\javapath;C:\WINDOWS\system32;C:\WINDOWS;C:\WINDOWS\System32\Wbem;C:\WINDOWS\System32\WindowsPowerShell\v1.0\;C:\WINDOWS\System32\OpenSSH\;C:\Program Files\Git\cmd;C:\Users\shrey\Downloads\Softwares\apache-maven-3.6.3-bin\apache-maven-3.6.3\bin;C:\Program Files\PostgreSQL\9.6\bin;C:\Users\shrey\AppData\Local\Microsoft\WindowsApps;C:\Program Files\heroku\bin;
USERNAME=shrey
OS=Windows_NT
PROCESSOR_IDENTIFIER=Intel64 Family 6 Model 142 Stepping 12, GenuineIntel



---------------  S Y S T E M  ---------------

OS: Windows 10.0 , 64 bit Build 19041 (10.0.19041.1)

CPU:total 8 (initial active 8) (4 cores per cpu, 2 threads per core) family 6 model 142 stepping 12, cmov, cx8, fxsr, mmx, sse, sse2, sse3, ssse3, sse4.1, sse4.2, popcnt, avx, avx2, aes, clmul, erms, 3dnowpref, lzcnt, ht, tsc, tscinvbit, bmi1, bmi2, adx

Memory: 4k page, physical 8197876k(402848k free), swap 33363700k(6204k free)

vm_info: Java HotSpot(TM) 64-Bit Server VM (25.231-b11) for windows-amd64 JRE (1.8.0_231-b11), built on Oct  5 2019 03:11:30 by "java_re" with MS VC++ 10.0 (VS2010)

time: Sun Feb 02 15:59:12 2020
timezone: India Standard Time
elapsed time: 4 seconds (0d 0h 0m 4s)

