#
# There is insufficient memory for the Java Runtime Environment to continue.
# Native memory allocation (malloc) failed to allocate 1278576 bytes for Chunk::new
# Possible reasons:
#   The system is out of physical RAM or swap space
#   The process is running with CompressedOops enabled, and the Java Heap may be blocking the growth of the native heap
# Possible solutions:
#   Reduce memory load on the system
#   Increase physical memory or swap space
#   Check if swap backing store is full
#   Decrease Java heap size (-Xmx/-Xms)
#   Decrease number of Java threads
#   Decrease Java thread stack sizes (-Xss)
#   Set larger code cache with -XX:ReservedCodeCacheSize=
#   JVM is running with Unscaled Compressed Oops mode in which the Java heap is
#     placed in the first 4GB address space. The Java Heap base address is the
#     maximum limit for the native heap growth. Please use -XX:HeapBaseMinAddress
#     to set the Java Heap base and to place the Java Heap above 4GB virtual address.
# This output file may be truncated or incomplete.
#
#  Out of Memory Error (allocation.cpp:389), pid=14864, tid=0x0000000000003198
#
# JRE version: Java(TM) SE Runtime Environment (8.0_231-b11) (build 1.8.0_231-b11)
# Java VM: Java HotSpot(TM) 64-Bit Server VM (25.231-b11 mixed mode windows-amd64 compressed oops)
# Failed to write core dump. Minidumps are not enabled by default on client versions of Windows
#

---------------  T H R E A D  ---------------

Current thread (0x000000001b02a000):  JavaThread "C2 CompilerThread2" daemon [_thread_in_native, id=12696, stack(0x000000001b2f0000,0x000000001b3f0000)]

Stack: [0x000000001b2f0000,0x000000001b3f0000]
[error occurred during error reporting (printing stack bounds), id 0xc0000005]

Native frames: (J=compiled Java code, j=interpreted, Vv=VM code, C=native code)


Current CompileTask:
C2:   2150 1670       4       java.io.WinNTFileSystem::normalize (143 bytes)


---------------  P R O C E S S  ---------------

Java Threads: ( => current thread )
  0x000000001c809800 JavaThread "restartedMain" [_thread_blocked, id=13096, stack(0x000000001d940000,0x000000001da40000)]
  0x000000001c809000 JavaThread "Thread-0" [_thread_blocked, id=7340, stack(0x000000001d690000,0x000000001d790000)]
  0x000000001afde800 JavaThread "Service Thread" daemon [_thread_blocked, id=17820, stack(0x000000001b4f0000,0x000000001b5f0000)]
  0x000000001b02a800 JavaThread "C1 CompilerThread3" daemon [_thread_blocked, id=15496, stack(0x000000001b3f0000,0x000000001b4f0000)]
=>0x000000001b02a000 JavaThread "C2 CompilerThread2" daemon [_thread_in_native, id=12696, stack(0x000000001b2f0000,0x000000001b3f0000)]
  0x000000001b009000 JavaThread "C2 CompilerThread1" daemon [_thread_blocked, id=8012, stack(0x000000001b1f0000,0x000000001b2f0000)]
  0x000000001b008800 JavaThread "C2 CompilerThread0" daemon [_thread_in_native, id=10032, stack(0x000000001b0f0000,0x000000001b1f0000)]
  0x0000000019d4b000 JavaThread "JDWP Command Reader" daemon [_thread_in_native, id=15804, stack(0x000000001a7f0000,0x000000001a8f0000)]
  0x0000000019d4a000 JavaThread "JDWP Event Helper Thread" daemon [_thread_blocked, id=11584, stack(0x000000001a6f0000,0x000000001a7f0000)]
  0x0000000019d3f000 JavaThread "JDWP Transport Listener: dt_socket" daemon [_thread_blocked, id=17960, stack(0x000000001a5f0000,0x000000001a6f0000)]
  0x0000000019d31800 JavaThread "Attach Listener" daemon [_thread_blocked, id=18040, stack(0x000000001a4f0000,0x000000001a5f0000)]
  0x0000000019d30800 JavaThread "Signal Dispatcher" daemon [_thread_blocked, id=19264, stack(0x000000001a3f0000,0x000000001a4f0000)]
  0x0000000017f2a800 JavaThread "Finalizer" daemon [_thread_blocked, id=9072, stack(0x000000001a1f0000,0x000000001a2f0000)]
  0x0000000019d10800 JavaThread "Reference Handler" daemon [_thread_blocked, id=18144, stack(0x000000001a0f0000,0x000000001a1f0000)]
  0x0000000002dba800 JavaThread "main" [_thread_blocked, id=720, stack(0x0000000002c40000,0x0000000002d40000)]

Other Threads:
  0x0000000017f1d000 VMThread [stack: 0x0000000019bf0000,0x0000000019cf0000] [id=18104]
  0x000000001b65d000 WatcherThread [stack: 0x000000001c5c0000,0x000000001c6c0000] [id=8388]

VM state:at safepoint (normal execution)

VM Mutex/Monitor currently owned by a thread:  ([mutex/lock_event])
[0x0000000002db85a0] Threads_lock - owner thread: 0x0000000017f1d000
[0x0000000002db9c30] Heap_lock - owner thread: 0x000000001c809800

heap address: 0x0000000082e00000, size: 2002 MB, Compressed Oops mode: 32-bit
Narrow klass base: 0x0000000000000000, Narrow klass shift: 3
Compressed class space size: 1073741824 Address: 0x0000000100000000

Heap:
 PSYoungGen      total 70656K, used 5102K [0x00000000d6500000, 0x00000000daf00000, 0x0000000100000000)
  eden space 65536K, 0% used [0x00000000d6500000,0x00000000d6500000,0x00000000da500000)
  from space 5120K, 99% used [0x00000000da500000,0x00000000da9fbb10,0x00000000daa00000)
  to   space 5120K, 0% used [0x00000000daa00000,0x00000000daa00000,0x00000000daf00000)
 ParOldGen       total 86016K, used 6979K [0x0000000082e00000, 0x0000000088200000, 0x00000000d6500000)
  object space 86016K, 8% used [0x0000000082e00000,0x00000000834d0eb8,0x0000000088200000)
 Metaspace       used 20617K, capacity 21170K, committed 21248K, reserved 1067008K
  class space    used 2585K, capacity 2755K, committed 2816K, reserved 1048576K

Card table byte_map: [0x0000000012420000,0x0000000012810000] byte_map_base: 0x0000000012009000

Marking Bits: (ParMarkBitMap*) 0x000000005aa96d90
 Begin Bits: [0x00000000132b0000, 0x00000000151f8000)
 End Bits:   [0x00000000151f8000, 0x0000000017140000)

Polling page: 0x00000000009f0000

CodeCache: size=245760Kb used=6062Kb max_used=6062Kb free=239697Kb
 bounds [0x0000000003060000, 0x0000000003650000, 0x0000000012060000]
 total_blobs=2025 nmethods=1670 adapters=275
 compilation: enabled

Compilation events (10 events):
Event: 2.075 Thread 0x000000001b02a800 nmethod 1668 0x0000000003645190 code [0x0000000003645340, 0x0000000003645868]
Event: 2.076 Thread 0x000000001b02a000 1670       4       java.io.WinNTFileSystem::normalize (143 bytes)
Event: 2.085 Thread 0x000000001b02a800 1671   !   3       java.net.URL::<init> (543 bytes)
Event: 2.088 Thread 0x000000001b02a800 nmethod 1671 0x0000000003645ad0 code [0x0000000003646000, 0x000000000364abb8]
Event: 2.123 Thread 0x000000001b02a800 1672       3       java.util.concurrent.CopyOnWriteArrayList::setArray (6 bytes)
Event: 2.123 Thread 0x000000001b02a800 nmethod 1672 0x000000000364d050 code [0x000000000364d1a0, 0x000000000364d310]
Event: 2.136 Thread 0x000000001b02a800 1673       3       java.lang.invoke.InnerClassLambdaMetafactory::getLoadOpcode (25 bytes)
Event: 2.136 Thread 0x000000001b02a800 nmethod 1673 0x000000000364d390 code [0x000000000364d520, 0x000000000364d798]
Event: 2.136 Thread 0x000000001b02a800 1674       3       java.lang.invoke.InnerClassLambdaMetafactory::getParameterSize (27 bytes)
Event: 2.136 Thread 0x000000001b02a800 nmethod 1674 0x000000000364d890 code [0x000000000364da00, 0x000000000364dc30]

GC Heap History (10 events):
Event: 1.040 GC heap before
{Heap before GC invocations=3 (full 0):
 PSYoungGen      total 37888K, used 37110K [0x00000000d6500000, 0x00000000daf00000, 0x0000000100000000)
  eden space 32768K, 100% used [0x00000000d6500000,0x00000000d8500000,0x00000000d8500000)
  from space 5120K, 84% used [0x00000000d8a00000,0x00000000d8e3d8d8,0x00000000d8f00000)
  to   space 5120K, 0% used [0x00000000d8500000,0x00000000d8500000,0x00000000d8a00000)
 ParOldGen       total 86016K, used 24K [0x0000000082e00000, 0x0000000088200000, 0x00000000d6500000)
  object space 86016K, 0% used [0x0000000082e00000,0x0000000082e06000,0x0000000088200000)
 Metaspace       used 8281K, capacity 8496K, committed 8704K, reserved 1056768K
  class space    used 960K, capacity 1021K, committed 1024K, reserved 1048576K
Event: 1.043 GC heap after
Heap after GC invocations=3 (full 0):
 PSYoungGen      total 37888K, used 3734K [0x00000000d6500000, 0x00000000daf00000, 0x0000000100000000)
  eden space 32768K, 0% used [0x00000000d6500000,0x00000000d6500000,0x00000000d8500000)
  from space 5120K, 72% used [0x00000000d8500000,0x00000000d88a5920,0x00000000d8a00000)
  to   space 5120K, 0% used [0x00000000daa00000,0x00000000daa00000,0x00000000daf00000)
 ParOldGen       total 86016K, used 32K [0x0000000082e00000, 0x0000000088200000, 0x00000000d6500000)
  object space 86016K, 0% used [0x0000000082e00000,0x0000000082e08000,0x0000000088200000)
 Metaspace       used 8281K, capacity 8496K, committed 8704K, reserved 1056768K
  class space    used 960K, capacity 1021K, committed 1024K, reserved 1048576K
}
Event: 1.338 GC heap before
{Heap before GC invocations=4 (full 0):
 PSYoungGen      total 37888K, used 36502K [0x00000000d6500000, 0x00000000daf00000, 0x0000000100000000)
  eden space 32768K, 100% used [0x00000000d6500000,0x00000000d8500000,0x00000000d8500000)
  from space 5120K, 72% used [0x00000000d8500000,0x00000000d88a5920,0x00000000d8a00000)
  to   space 5120K, 0% used [0x00000000daa00000,0x00000000daa00000,0x00000000daf00000)
 ParOldGen       total 86016K, used 32K [0x0000000082e00000, 0x0000000088200000, 0x00000000d6500000)
  object space 86016K, 0% used [0x0000000082e00000,0x0000000082e08000,0x0000000088200000)
 Metaspace       used 11068K, capacity 11318K, committed 11392K, reserved 1058816K
  class space    used 1282K, capacity 1384K, committed 1408K, reserved 1048576K
Event: 1.343 GC heap after
Heap after GC invocations=4 (full 0):
 PSYoungGen      total 70656K, used 4500K [0x00000000d6500000, 0x00000000daf00000, 0x0000000100000000)
  eden space 65536K, 0% used [0x00000000d6500000,0x00000000d6500000,0x00000000da500000)
  from space 5120K, 87% used [0x00000000daa00000,0x00000000dae65048,0x00000000daf00000)
  to   space 5120K, 0% used [0x00000000da500000,0x00000000da500000,0x00000000daa00000)
 ParOldGen       total 86016K, used 40K [0x0000000082e00000, 0x0000000088200000, 0x00000000d6500000)
  object space 86016K, 0% used [0x0000000082e00000,0x0000000082e0a000,0x0000000088200000)
 Metaspace       used 11068K, capacity 11318K, committed 11392K, reserved 1058816K
  class space    used 1282K, capacity 1384K, committed 1408K, reserved 1048576K
}
Event: 1.595 GC heap before
{Heap before GC invocations=5 (full 0):
 PSYoungGen      total 70656K, used 70036K [0x00000000d6500000, 0x00000000daf00000, 0x0000000100000000)
  eden space 65536K, 100% used [0x00000000d6500000,0x00000000da500000,0x00000000da500000)
  from space 5120K, 87% used [0x00000000daa00000,0x00000000dae65048,0x00000000daf00000)
  to   space 5120K, 0% used [0x00000000da500000,0x00000000da500000,0x00000000daa00000)
 ParOldGen       total 86016K, used 40K [0x0000000082e00000, 0x0000000088200000, 0x00000000d6500000)
  object space 86016K, 0% used [0x0000000082e00000,0x0000000082e0a000,0x0000000088200000)
 Metaspace       used 13502K, capacity 13858K, committed 14080K, reserved 1060864K
  class space    used 1640K, capacity 1757K, committed 1792K, reserved 1048576K
Event: 1.601 GC heap after
Heap after GC invocations=5 (full 0):
 PSYoungGen      total 70656K, used 5088K [0x00000000d6500000, 0x00000000daf00000, 0x0000000100000000)
  eden space 65536K, 0% used [0x00000000d6500000,0x00000000d6500000,0x00000000da500000)
  from space 5120K, 99% used [0x00000000da500000,0x00000000da9f83e0,0x00000000daa00000)
  to   space 5120K, 0% used [0x00000000daa00000,0x00000000daa00000,0x00000000daf00000)
 ParOldGen       total 86016K, used 265K [0x0000000082e00000, 0x0000000088200000, 0x00000000d6500000)
  object space 86016K, 0% used [0x0000000082e00000,0x0000000082e42550,0x0000000088200000)
 Metaspace       used 13502K, capacity 13858K, committed 14080K, reserved 1060864K
  class space    used 1640K, capacity 1757K, committed 1792K, reserved 1048576K
}
Event: 1.801 GC heap before
{Heap before GC invocations=6 (full 0):
 PSYoungGen      total 70656K, used 70617K [0x00000000d6500000, 0x00000000daf00000, 0x0000000100000000)
  eden space 65536K, 99% used [0x00000000d6500000,0x00000000da4fe378,0x00000000da500000)
  from space 5120K, 99% used [0x00000000da500000,0x00000000da9f83e0,0x00000000daa00000)
  to   space 5120K, 0% used [0x00000000daa00000,0x00000000daa00000,0x00000000daf00000)
 ParOldGen       total 86016K, used 265K [0x0000000082e00000, 0x0000000088200000, 0x00000000d6500000)
  object space 86016K, 0% used [0x0000000082e00000,0x0000000082e42550,0x0000000088200000)
 Metaspace       used 15001K, capacity 15314K, committed 15616K, reserved 1062912K
  class space    used 1844K, capacity 1943K, committed 2048K, reserved 1048576K
Event: 1.806 GC heap after
Heap after GC invocations=6 (full 0):
 PSYoungGen      total 70656K, used 5108K [0x00000000d6500000, 0x00000000daf00000, 0x0000000100000000)
  eden space 65536K, 0% used [0x00000000d6500000,0x00000000d6500000,0x00000000da500000)
  from space 5120K, 99% used [0x00000000daa00000,0x00000000daefd018,0x00000000daf00000)
  to   space 5120K, 0% used [0x00000000da500000,0x00000000da500000,0x00000000daa00000)
 ParOldGen       total 86016K, used 1697K [0x0000000082e00000, 0x0000000088200000, 0x00000000d6500000)
  object space 86016K, 1% used [0x0000000082e00000,0x0000000082fa8518,0x0000000088200000)
 Metaspace       used 15001K, capacity 15314K, committed 15616K, reserved 1062912K
  class space    used 1844K, capacity 1943K, committed 2048K, reserved 1048576K
}
Event: 2.142 GC heap before
{Heap before GC invocations=7 (full 0):
 PSYoungGen      total 70656K, used 64083K [0x00000000d6500000, 0x00000000daf00000, 0x0000000100000000)
  eden space 65536K, 89% used [0x00000000d6500000,0x00000000d9e97ec8,0x00000000da500000)
  from space 5120K, 99% used [0x00000000daa00000,0x00000000daefd018,0x00000000daf00000)
  to   space 5120K, 0% used [0x00000000da500000,0x00000000da500000,0x00000000daa00000)
 ParOldGen       total 86016K, used 1697K [0x0000000082e00000, 0x0000000088200000, 0x00000000d6500000)
  object space 86016K, 1% used [0x0000000082e00000,0x0000000082fa8518,0x0000000088200000)
 Metaspace       used 20617K, capacity 21170K, committed 21248K, reserved 1067008K
  class space    used 2585K, capacity 2755K, committed 2816K, reserved 1048576K
Event: 2.148 GC heap after
Heap after GC invocations=7 (full 0):
 PSYoungGen      total 70656K, used 5102K [0x00000000d6500000, 0x00000000daf00000, 0x0000000100000000)
  eden space 65536K, 0% used [0x00000000d6500000,0x00000000d6500000,0x00000000da500000)
  from space 5120K, 99% used [0x00000000da500000,0x00000000da9fbb10,0x00000000daa00000)
  to   space 5120K, 0% used [0x00000000daa00000,0x00000000daa00000,0x00000000daf00000)
 ParOldGen       total 86016K, used 6979K [0x0000000082e00000, 0x0000000088200000, 0x00000000d6500000)
  object space 86016K, 8% used [0x0000000082e00000,0x00000000834d0eb8,0x0000000088200000)
 Metaspace       used 20617K, capacity 21170K, committed 21248K, reserved 1067008K
  class space    used 2585K, capacity 2755K, committed 2816K, reserved 1048576K
}

Deoptimization events (10 events):
Event: 1.382 Thread 0x000000001c809800 Uncommon trap: reason=unstable_if action=reinterpret pc=0x00000000032001b4 method=sun.misc.MetaIndex.mayContain(Ljava/lang/String;)Z @ 38
Event: 1.389 Thread 0x000000001c809800 Uncommon trap: reason=unstable_if action=reinterpret pc=0x00000000033da864 method=java.lang.CharacterDataLatin1.isWhitespace(I)Z @ 14
Event: 1.755 Thread 0x000000001c809800 Uncommon trap: reason=class_check action=maybe_recompile pc=0x00000000031fd80c method=java.util.jar.JarFile.getJarEntry(Ljava/lang/String;)Ljava/util/jar/JarEntry; @ 2
Event: 1.828 Thread 0x000000001cbb8000 Uncommon trap: reason=unstable_if action=reinterpret pc=0x000000000352a8e8 method=java.util.concurrent.ConcurrentHashMap.putVal(Ljava/lang/Object;Ljava/lang/Object;Z)Ljava/lang/Object; @ 113
Event: 1.894 Thread 0x000000001c809800 Uncommon trap: reason=unstable_if action=reinterpret pc=0x000000000326a22c method=java.io.WinNTFileSystem.isLetter(C)Z @ 15
Event: 1.894 Thread 0x000000001c809800 Uncommon trap: reason=unstable_if action=reinterpret pc=0x000000000352bdb4 method=java.io.WinNTFileSystem.isLetter(C)Z @ 15
Event: 1.894 Thread 0x000000001c809800 Uncommon trap: reason=unstable_if action=reinterpret pc=0x000000000322c2a8 method=java.io.WinNTFileSystem.isLetter(C)Z @ 15
Event: 1.987 Thread 0x000000001c809800 Uncommon trap: reason=predicate action=maybe_recompile pc=0x00000000034ac4d8 method=java.lang.String.regionMatches(ZILjava/lang/String;II)Z @ 63
Event: 2.017 Thread 0x000000001cbb8000 Uncommon trap: reason=unstable_if action=reinterpret pc=0x00000000035d4710 method=jdk.internal.org.objectweb.asm.Type.getArgumentsAndReturnSizes(Ljava/lang/String;)I @ 47
Event: 2.072 Thread 0x000000001c809800 Uncommon trap: reason=unstable_if action=reinterpret pc=0x0000000003570cf4 method=java.net.URL.<init>(Ljava/net/URL;Ljava/lang/String;Ljava/net/URLStreamHandler;)V @ 347

Classes redefined (0 events):
No events

Internal exceptions (10 events):
Event: 0.861 Thread 0x0000000002dba800 Exception <a 'java/lang/ArrayIndexOutOfBoundsException'> (0x00000000d6d95470) thrown at [C:\re\workspace\8-2-build-windows-amd64-cygwin\jdk8u231\13620\hotspot\src\share\vm\runtime\sharedRuntime.cpp, line 605]
Event: 0.862 Thread 0x0000000002dba800 Exception <a 'java/lang/ArrayIndexOutOfBoundsException'> (0x00000000d6d96dc0) thrown at [C:\re\workspace\8-2-build-windows-amd64-cygwin\jdk8u231\13620\hotspot\src\share\vm\runtime\sharedRuntime.cpp, line 605]
Event: 0.862 Thread 0x0000000002dba800 Exception <a 'java/lang/ArrayIndexOutOfBoundsException': 179> (0x00000000d6da4610) thrown at [C:\re\workspace\8-2-build-windows-amd64-cygwin\jdk8u231\13620\hotspot\src\share\vm\interpreter\interpreterRuntime.cpp, line 368]
Event: 0.862 Thread 0x0000000002dba800 Exception <a 'java/lang/ArrayIndexOutOfBoundsException': 134> (0x00000000d6da61a0) thrown at [C:\re\workspace\8-2-build-windows-amd64-cygwin\jdk8u231\13620\hotspot\src\share\vm\interpreter\interpreterRuntime.cpp, line 368]
Event: 0.972 Thread 0x000000001c809000 Exception <a 'java/lang/NoSuchMethodError': java.lang.Object.lambda$static$0(Ljava/lang/Throwable;)Lorg/springframework/boot/devtools/restart/FailureHandler$Outcome;> (0x00000000d7fe9690) thrown at [C:\re\workspace\8-2-build-windows-amd64-cygwin\jdk8u231\
Event: 1.145 Thread 0x000000001cbb8000 Implicit null exception at 0x00000000033d0418 to 0x00000000033d04a6
Event: 1.337 Thread 0x000000001c809800 Exception <a 'java/lang/NoSuchMethodError': org.slf4j.impl.StaticMarkerBinder.getSingleton()Lorg/slf4j/impl/StaticMarkerBinder;> (0x00000000d84ba690) thrown at [C:\re\workspace\8-2-build-windows-amd64-cygwin\jdk8u231\13620\hotspot\src\share\vm\interpreter
Event: 1.827 Thread 0x000000001c809800 Exception <a 'java/io/FileNotFoundException'> (0x00000000d6b01588) thrown at [C:\re\workspace\8-2-build-windows-amd64-cygwin\jdk8u231\13620\hotspot\src\share\vm\prims\jni.cpp, line 710]
Event: 1.867 Thread 0x000000001c809800 Exception <a 'java/lang/NoSuchMethodError': java.lang.Object.lambda$chars$0()Ljava/util/Spliterator$OfInt;> (0x00000000d730a650) thrown at [C:\re\workspace\8-2-build-windows-amd64-cygwin\jdk8u231\13620\hotspot\src\share\vm\interpreter\linkResolver.cpp, li
Event: 2.022 Thread 0x000000001cbb8000 Exception <a 'java/lang/IncompatibleClassChangeError': Found class java.lang.Object, but interface was expected> (0x00000000d8e33938) thrown at [C:\re\workspace\8-2-build-windows-amd64-cygwin\jdk8u231\13620\hotspot\src\share\vm\interpreter\linkResolver.cp

Events (10 events):
Event: 2.141 Thread 0x000000001c809800 DEOPT UNPACKING pc=0x00000000030a7890 sp=0x000000001da3a280 mode 1
Event: 2.141 loading class org/springframework/context/annotation/ClassPathBeanDefinitionScanner
Event: 2.141 loading class org/springframework/context/annotation/ClassPathBeanDefinitionScanner done
Event: 2.141 Thread 0x000000001c809800 DEOPT PACKING pc=0x000000000324ab81 sp=0x000000001da3c9f0
Event: 2.141 Thread 0x000000001c809800 DEOPT UNPACKING pc=0x00000000030a7890 sp=0x000000001da3c740 mode 1
Event: 2.141 Thread 0x000000001c809800 DEOPT PACKING pc=0x00000000031ec8fc sp=0x000000001da3ca70
Event: 2.141 Thread 0x000000001c809800 DEOPT UNPACKING pc=0x00000000030a7890 sp=0x000000001da3c890 mode 1
Event: 2.141 Thread 0x000000001c809800 DEOPT PACKING pc=0x00000000031ec694 sp=0x000000001da3cc00
Event: 2.141 Thread 0x000000001c809800 DEOPT UNPACKING pc=0x00000000030a7890 sp=0x000000001da3ca20 mode 1
Event: 2.142 Executing VM operation: CollectForMetadataAllocation


Dynamic libraries:
0x00007ff6fc780000 - 0x00007ff6fc7b7000 	C:\Program Files\Java\jdk1.8.0_231\bin\java.exe
0x00007ff87ff10000 - 0x00007ff880104000 	C:\WINDOWS\SYSTEM32\ntdll.dll
0x00007ff87e110000 - 0x00007ff87e1cd000 	C:\WINDOWS\System32\KERNEL32.DLL
0x00007ff87d7b0000 - 0x00007ff87da77000 	C:\WINDOWS\System32\KERNELBASE.dll
0x00007ff87e370000 - 0x00007ff87e41a000 	C:\WINDOWS\System32\ADVAPI32.dll
0x00007ff87fe30000 - 0x00007ff87fece000 	C:\WINDOWS\System32\msvcrt.dll
0x00007ff87e420000 - 0x00007ff87e4bb000 	C:\WINDOWS\System32\sechost.dll
0x00007ff87dfd0000 - 0x00007ff87e0f3000 	C:\WINDOWS\System32\RPCRT4.dll
0x00007ff87e1d0000 - 0x00007ff87e370000 	C:\WINDOWS\System32\USER32.dll
0x00007ff87dbb0000 - 0x00007ff87dbd2000 	C:\WINDOWS\System32\win32u.dll
0x00007ff87fe00000 - 0x00007ff87fe2a000 	C:\WINDOWS\System32\GDI32.dll
0x00007ff87d6a0000 - 0x00007ff87d7aa000 	C:\WINDOWS\System32\gdi32full.dll
0x00007ff87dea0000 - 0x00007ff87df3d000 	C:\WINDOWS\System32\msvcp_win.dll
0x00007ff87dda0000 - 0x00007ff87dea0000 	C:\WINDOWS\System32\ucrtbase.dll
0x00007ff867bc0000 - 0x00007ff867e5a000 	C:\WINDOWS\WinSxS\amd64_microsoft.windows.common-controls_6595b64144ccf1df_6.0.19041.1_none_b555e41d4684ddec\COMCTL32.dll
0x00007ff87f730000 - 0x00007ff87f760000 	C:\WINDOWS\System32\IMM32.DLL
0x000000005ab20000 - 0x000000005abf2000 	C:\Program Files\Java\jdk1.8.0_231\jre\bin\msvcr100.dll
0x000000005a270000 - 0x000000005ab16000 	C:\Program Files\Java\jdk1.8.0_231\jre\bin\server\jvm.dll
0x00007ff87f9b0000 - 0x00007ff87f9b8000 	C:\WINDOWS\System32\PSAPI.DLL
0x00007ff862730000 - 0x00007ff862739000 	C:\WINDOWS\SYSTEM32\WSOCK32.dll
0x00007ff853410000 - 0x00007ff853437000 	C:\WINDOWS\SYSTEM32\WINMM.dll
0x00007ff872fd0000 - 0x00007ff872fda000 	C:\WINDOWS\SYSTEM32\VERSION.dll
0x00007ff87fa20000 - 0x00007ff87fa8b000 	C:\WINDOWS\System32\WS2_32.dll
0x00007ff876fe0000 - 0x00007ff876fef000 	C:\Program Files\Java\jdk1.8.0_231\jre\bin\verify.dll
0x00007ff875670000 - 0x00007ff875699000 	C:\Program Files\Java\jdk1.8.0_231\jre\bin\java.dll
0x00007ff867ec0000 - 0x00007ff867ef5000 	C:\Program Files\Java\jdk1.8.0_231\jre\bin\jdwp.dll
0x00007ff875660000 - 0x00007ff875668000 	C:\Program Files\Java\jdk1.8.0_231\jre\bin\npt.dll
0x00007ff862110000 - 0x00007ff862133000 	C:\Program Files\Java\jdk1.8.0_231\jre\bin\instrument.dll
0x00007ff8744c0000 - 0x00007ff8744d6000 	C:\Program Files\Java\jdk1.8.0_231\jre\bin\zip.dll
0x00007ff87eed0000 - 0x00007ff87f601000 	C:\WINDOWS\System32\SHELL32.dll
0x00007ff87b430000 - 0x00007ff87bbba000 	C:\WINDOWS\SYSTEM32\windows.storage.dll
0x00007ff87e990000 - 0x00007ff87ece4000 	C:\WINDOWS\System32\combase.dll
0x00007ff87d0d0000 - 0x00007ff87d0fb000 	C:\WINDOWS\SYSTEM32\Wldp.dll
0x00007ff87fb70000 - 0x00007ff87fc1e000 	C:\WINDOWS\System32\SHCORE.dll
0x00007ff87f950000 - 0x00007ff87f9a5000 	C:\WINDOWS\System32\shlwapi.dll
0x00007ff87d590000 - 0x00007ff87d5af000 	C:\WINDOWS\SYSTEM32\profapi.dll
0x00007ff874a60000 - 0x00007ff874a69000 	C:\Program Files\Java\jdk1.8.0_231\jre\bin\dt_socket.dll
0x00007ff87ce50000 - 0x00007ff87ceba000 	C:\WINDOWS\system32\mswsock.dll
0x00007ff873790000 - 0x00007ff87379d000 	C:\Program Files\Java\jdk1.8.0_231\jre\bin\management.dll
0x00007ff866940000 - 0x00007ff86695a000 	C:\Program Files\Java\jdk1.8.0_231\jre\bin\net.dll
0x00007ff829280000 - 0x00007ff829297000 	C:\WINDOWS\system32\napinsp.dll
0x00007ff829260000 - 0x00007ff82927b000 	C:\WINDOWS\system32\pnrpnsp.dll
0x00007ff874ab0000 - 0x00007ff874ac5000 	C:\WINDOWS\system32\wshbth.dll
0x00007ff877070000 - 0x00007ff87708d000 	C:\WINDOWS\system32\NLAapi.dll
0x00007ff87caf0000 - 0x00007ff87cb2b000 	C:\WINDOWS\SYSTEM32\IPHLPAPI.DLL
0x00007ff87cb30000 - 0x00007ff87cbfa000 	C:\WINDOWS\SYSTEM32\DNSAPI.dll
0x00007ff87fc40000 - 0x00007ff87fc49000 	C:\WINDOWS\System32\NSI.dll
0x00007ff829240000 - 0x00007ff829252000 	C:\WINDOWS\System32\winrnr.dll
0x00007ff8690f0000 - 0x00007ff8690fa000 	C:\Windows\System32\rasadhlp.dll
0x00007ff869110000 - 0x00007ff86918f000 	C:\WINDOWS\System32\fwpuclnt.dll
0x00007ff87df40000 - 0x00007ff87df67000 	C:\WINDOWS\System32\bcrypt.dll

VM Arguments:
jvm_args: -agentlib:jdwp=transport=dt_socket,address=127.0.0.1:57299,suspend=y,server=n -javaagent:C:\Users\shrey\.IdeaIC2019.3\system\captureAgent\debugger-agent.jar -Dfile.encoding=UTF-8 
java_command: com.jsonUtility.jsonCreator.JsonCreatorApplication
java_class_path (initial): C:\Program Files\Java\jdk1.8.0_231\jre\lib\charsets.jar;C:\Program Files\Java\jdk1.8.0_231\jre\lib\deploy.jar;C:\Program Files\Java\jdk1.8.0_231\jre\lib\ext\access-bridge-64.jar;C:\Program Files\Java\jdk1.8.0_231\jre\lib\ext\cldrdata.jar;C:\Program Files\Java\jdk1.8.0_231\jre\lib\ext\dnsns.jar;C:\Program Files\Java\jdk1.8.0_231\jre\lib\ext\jaccess.jar;C:\Program Files\Java\jdk1.8.0_231\jre\lib\ext\jfxrt.jar;C:\Program Files\Java\jdk1.8.0_231\jre\lib\ext\localedata.jar;C:\Program Files\Java\jdk1.8.0_231\jre\lib\ext\nashorn.jar;C:\Program Files\Java\jdk1.8.0_231\jre\lib\ext\sunec.jar;C:\Program Files\Java\jdk1.8.0_231\jre\lib\ext\sunjce_provider.jar;C:\Program Files\Java\jdk1.8.0_231\jre\lib\ext\sunmscapi.jar;C:\Program Files\Java\jdk1.8.0_231\jre\lib\ext\sunpkcs11.jar;C:\Program Files\Java\jdk1.8.0_231\jre\lib\ext\zipfs.jar;C:\Program Files\Java\jdk1.8.0_231\jre\lib\javaws.jar;C:\Program Files\Java\jdk1.8.0_231\jre\lib\jce.jar;C:\Program Files\Java\jdk1.8.0_231\jre\lib\jfr.jar;C:\Program Files\Java\jdk1.8.0_231\jre\lib\jfxswt.jar;C:\Program Files\Java\jdk1.8.0_231\jre\lib\jsse.jar;C:\Program Files\Java\jdk1.8.0_231\jre\lib\management-agent.jar;C:\Program Files\Java\jdk1.8.0_231\jre\lib\plugin.jar;C:\Program Files\Java\jdk1.8.0_231\jre\lib\resources.jar;C:\Program Files\Java\jdk1.8.0_231\jre\lib\rt.jar;C:\Workspace\jsonCreator\jsonCreator\target\classes;C:\Users\shrey\.m2\repository\org\springframework\boot\spring-boot-starter-jersey\2.2.2.RELEASE\spring-boot-starter-jersey-2.2.2.RELEASE.jar;C:\Users\shrey\.m2\repository\org\springframework\boot\spring-boot-starter-json\2.2.2.RELEASE\spring-boot-starter-json-2.2.2.RELEASE.jar;C:\Users\shrey\.m2\repository\com\fasterxml\jackson\core\jackson-databind\2.10.1\jackson-databind-2.10.1.jar;C:\Users\shrey\.m2\repository\com\fasterxml\jackson\core\jackson-core\2.10.1\jackson-core-2.10.1.jar;C:\Users\shrey\.m2\repository\com\fasterxml\jackson\datatype\jackson-datatype-jdk8\2.10.1\jackson-datatype-jd
Launcher Type: SUN_STANDARD

Environment Variables:
PATH=C:\Program Files (x86)\Common Files\Oracle\Java\javapath;C:\WINDOWS\system32;C:\WINDOWS;C:\WINDOWS\System32\Wbem;C:\WINDOWS\System32\WindowsPowerShell\v1.0\;C:\WINDOWS\System32\OpenSSH\;C:\Program Files\Git\cmd;C:\Users\shrey\Downloads\Softwares\apache-maven-3.6.3-bin\apache-maven-3.6.3\bin;C:\Program Files\PostgreSQL\9.6\bin;C:\Users\shrey\AppData\Local\Microsoft\WindowsApps;C:\Program Files\heroku\bin;
USERNAME=shrey
OS=Windows_NT
PROCESSOR_IDENTIFIER=Intel64 Family 6 Model 142 Stepping 12, GenuineIntel



---------------  S Y S T E M  ---------------

OS: Windows 10.0 , 64 bit Build 19041 (10.0.19041.1)

CPU:total 8 (initial active 8) (4 cores per cpu, 2 threads per core) family 6 model 142 stepping 12, cmov, cx8, fxsr, mmx, sse, sse2, sse3, ssse3, sse4.1, sse4.2, popcnt, avx, avx2, aes, clmul, erms, 3dnowpref, lzcnt, ht, tsc, tscinvbit, bmi1, bmi2, adx

Memory: 4k page, physical 8197876k(406816k free), swap 33363700k(6932k free)

vm_info: Java HotSpot(TM) 64-Bit Server VM (25.231-b11) for windows-amd64 JRE (1.8.0_231-b11), built on Oct  5 2019 03:11:30 by "java_re" with MS VC++ 10.0 (VS2010)

time: Sun Feb 02 15:59:55 2020
timezone: India Standard Time
elapsed time: 2 seconds (0d 0h 0m 2s)

